2022-03-29 12:09:17.760  INFO 11328 --- [main] c.e.e.ElasticSearchApplication           : Starting ElasticSearchApplication using Java 1.8.0_202 on DESKTOP-NFPJLDQ with PID 11328 (C:\Users\AhmadAr\Desktop\ElasticSearch\target\classes started by AhmadAr in C:\Users\AhmadAr\Desktop\ElasticSearch)
2022-03-29 12:09:17.765  INFO 11328 --- [main] c.e.e.ElasticSearchApplication           : No active profile set, falling back to 1 default profile: "default"
2022-03-29 12:09:18.251  INFO 11328 --- [main] .s.d.r.c.RepositoryConfigurationDelegate : Bootstrapping Spring Data Elasticsearch repositories in DEFAULT mode.
2022-03-29 12:09:18.338  INFO 11328 --- [main] .s.d.r.c.RepositoryConfigurationDelegate : Finished Spring Data repository scanning in 46 ms. Found 2 Elasticsearch repository interfaces.
2022-03-29 12:09:18.455  INFO 11328 --- [main] .s.d.r.c.RepositoryConfigurationDelegate : Bootstrapping Spring Data Reactive Elasticsearch repositories in DEFAULT mode.
2022-03-29 12:09:18.461  INFO 11328 --- [main] .s.d.r.c.RepositoryConfigurationDelegate : Finished Spring Data repository scanning in 5 ms. Found 0 Reactive Elasticsearch repository interfaces.
2022-03-29 12:09:18.782  INFO 11328 --- [main] o.s.b.w.embedded.tomcat.TomcatWebServer  : Tomcat initialized with port(s): 9002 (http)
2022-03-29 12:09:18.789  INFO 11328 --- [main] o.apache.catalina.core.StandardService   : Starting service [Tomcat]
2022-03-29 12:09:18.789  INFO 11328 --- [main] org.apache.catalina.core.StandardEngine  : Starting Servlet engine: [Apache Tomcat/9.0.58]
2022-03-29 12:09:18.895  INFO 11328 --- [main] o.a.c.c.C.[Tomcat].[localhost].[/]       : Initializing Spring embedded WebApplicationContext
2022-03-29 12:09:18.895  INFO 11328 --- [main] w.s.c.ServletWebServerApplicationContext : Root WebApplicationContext: initialization completed in 1062 ms
2022-03-29 12:09:19.757  WARN 11328 --- [main] org.elasticsearch.client.RestClient      : request [HEAD http://localhost:9200/user?ignore_throttled=false&ignore_unavailable=false&expand_wildcards=open%2Cclosed&allow_no_indices=false] returned 1 warnings: [299 Elasticsearch-7.17.1-e5acb99f822233d62d6444ce45a4543dc1c8059a "[ignore_throttled] parameter is deprecated because frozen indices have been deprecated. Consider cold or frozen tiers in place of frozen indices."]
2022-03-29 12:09:19.818  WARN 11328 --- [main] org.elasticsearch.client.RestClient      : request [HEAD http://localhost:9200/filebeat-7.17.1-2022.03.28?ignore_throttled=false&ignore_unavailable=false&expand_wildcards=open%2Cclosed&allow_no_indices=false] returned 1 warnings: [299 Elasticsearch-7.17.1-e5acb99f822233d62d6444ce45a4543dc1c8059a "[ignore_throttled] parameter is deprecated because frozen indices have been deprecated. Consider cold or frozen tiers in place of frozen indices."]
2022-03-29 12:09:20.052  INFO 11328 --- [main] o.s.b.w.embedded.tomcat.TomcatWebServer  : Tomcat started on port(s): 9002 (http) with context path ''
2022-03-29 12:09:20.059  INFO 11328 --- [main] c.e.e.ElasticSearchApplication           : Started ElasticSearchApplication in 2.793 seconds (JVM running for 3.554)
2022-03-29 12:09:26.904  INFO 11328 --- [http-nio-9002-exec-6] o.a.c.c.C.[Tomcat].[localhost].[/]       : Initializing Spring DispatcherServlet 'dispatcherServlet'
2022-03-29 12:09:26.904  INFO 11328 --- [http-nio-9002-exec-6] o.s.web.servlet.DispatcherServlet        : Initializing Servlet 'dispatcherServlet'
2022-03-29 12:09:26.905  INFO 11328 --- [http-nio-9002-exec-6] o.s.web.servlet.DispatcherServlet        : Completed initialization in 1 ms
2022-03-29 12:09:26.996  INFO 11328 --- [http-nio-9002-exec-6] c.e.elasticsearch.service.UserService    : You are here
2022-03-29 12:09:26.996  INFO 11328 --- [http-nio-9002-exec-6] c.e.elasticsearch.service.UserService    : You are Trying to delete user : 10
2022-03-29 12:09:27.161  WARN 11328 --- [http-nio-9002-exec-6] org.elasticsearch.client.RestClient      : request [POST http://localhost:9200/user/_refresh?ignore_throttled=false&ignore_unavailable=false&expand_wildcards=open&allow_no_indices=true] returned 1 warnings: [299 Elasticsearch-7.17.1-e5acb99f822233d62d6444ce45a4543dc1c8059a "[ignore_throttled] parameter is deprecated because frozen indices have been deprecated. Consider cold or frozen tiers in place of frozen indices."]
2022-03-29 12:09:30.022  INFO 11328 --- [http-nio-9002-exec-8] c.e.elasticsearch.service.UserService    : You are here
2022-03-29 12:09:30.023  INFO 11328 --- [http-nio-9002-exec-8] c.e.elasticsearch.service.UserService    : You are Trying to delete user : 1
2022-03-29 12:09:30.147  WARN 11328 --- [http-nio-9002-exec-8] org.elasticsearch.client.RestClient      : request [POST http://localhost:9200/user/_refresh?ignore_throttled=false&ignore_unavailable=false&expand_wildcards=open&allow_no_indices=true] returned 1 warnings: [299 Elasticsearch-7.17.1-e5acb99f822233d62d6444ce45a4543dc1c8059a "[ignore_throttled] parameter is deprecated because frozen indices have been deprecated. Consider cold or frozen tiers in place of frozen indices."]
2022-03-29 12:09:39.282  WARN 11328 --- [http-nio-9002-exec-10] org.elasticsearch.client.RestClient      : request [POST http://localhost:9200/filebeat-7.17.1-2022.03.28/_search?typed_keys=true&max_concurrent_shard_requests=5&ignore_unavailable=false&expand_wildcards=open&allow_no_indices=true&ignore_throttled=true&search_type=query_then_fetch&batched_reduce_size=512] returned 1 warnings: [299 Elasticsearch-7.17.1-e5acb99f822233d62d6444ce45a4543dc1c8059a "[ignore_throttled] parameter is deprecated because frozen indices have been deprecated. Consider cold or frozen tiers in place of frozen indices."]
2022-03-29 12:09:39.290  WARN 11328 --- [http-nio-9002-exec-10] org.elasticsearch.client.RestClient      : request [POST http://localhost:9200/filebeat-7.17.1-2022.03.28/_search?typed_keys=true&max_concurrent_shard_requests=5&ignore_unavailable=false&expand_wildcards=open&allow_no_indices=true&ignore_throttled=true&search_type=query_then_fetch&batched_reduce_size=512] returned 1 warnings: [299 Elasticsearch-7.17.1-e5acb99f822233d62d6444ce45a4543dc1c8059a "[ignore_throttled] parameter is deprecated because frozen indices have been deprecated. Consider cold or frozen tiers in place of frozen indices."]
2022-03-29 12:09:47.062  WARN 11328 --- [http-nio-9002-exec-5] org.elasticsearch.client.RestClient      : request [POST http://localhost:9200/filebeat-7.17.1-2022.03.28/_search?typed_keys=true&max_concurrent_shard_requests=5&ignore_unavailable=false&expand_wildcards=open&allow_no_indices=true&ignore_throttled=true&search_type=query_then_fetch&batched_reduce_size=512] returned 1 warnings: [299 Elasticsearch-7.17.1-e5acb99f822233d62d6444ce45a4543dc1c8059a "[ignore_throttled] parameter is deprecated because frozen indices have been deprecated. Consider cold or frozen tiers in place of frozen indices."]
2022-03-29 12:09:47.066  WARN 11328 --- [http-nio-9002-exec-5] org.elasticsearch.client.RestClient      : request [POST http://localhost:9200/filebeat-7.17.1-2022.03.28/_search?typed_keys=true&max_concurrent_shard_requests=5&ignore_unavailable=false&expand_wildcards=open&allow_no_indices=true&ignore_throttled=true&search_type=query_then_fetch&batched_reduce_size=512] returned 1 warnings: [299 Elasticsearch-7.17.1-e5acb99f822233d62d6444ce45a4543dc1c8059a "[ignore_throttled] parameter is deprecated because frozen indices have been deprecated. Consider cold or frozen tiers in place of frozen indices."]
2022-03-29 12:09:47.071  WARN 11328 --- [http-nio-9002-exec-5] org.elasticsearch.client.RestClient      : request [POST http://localhost:9200/filebeat-7.17.1-2022.03.28/_search?typed_keys=true&max_concurrent_shard_requests=5&ignore_unavailable=false&expand_wildcards=open&allow_no_indices=true&ignore_throttled=true&search_type=query_then_fetch&batched_reduce_size=512] returned 1 warnings: [299 Elasticsearch-7.17.1-e5acb99f822233d62d6444ce45a4543dc1c8059a "[ignore_throttled] parameter is deprecated because frozen indices have been deprecated. Consider cold or frozen tiers in place of frozen indices."]
2022-03-29 12:09:55.353  WARN 11328 --- [http-nio-9002-exec-2] org.elasticsearch.client.RestClient      : request [POST http://localhost:9200/filebeat-7.17.1-2022.03.28/_search?typed_keys=true&max_concurrent_shard_requests=5&ignore_unavailable=false&expand_wildcards=open&allow_no_indices=true&ignore_throttled=true&search_type=query_then_fetch&batched_reduce_size=512] returned 1 warnings: [299 Elasticsearch-7.17.1-e5acb99f822233d62d6444ce45a4543dc1c8059a "[ignore_throttled] parameter is deprecated because frozen indices have been deprecated. Consider cold or frozen tiers in place of frozen indices."]
2022-03-29 12:09:55.360  WARN 11328 --- [http-nio-9002-exec-2] org.elasticsearch.client.RestClient      : request [POST http://localhost:9200/filebeat-7.17.1-2022.03.28/_search?typed_keys=true&max_concurrent_shard_requests=5&ignore_unavailable=false&expand_wildcards=open&allow_no_indices=true&ignore_throttled=true&search_type=query_then_fetch&batched_reduce_size=512] returned 1 warnings: [299 Elasticsearch-7.17.1-e5acb99f822233d62d6444ce45a4543dc1c8059a "[ignore_throttled] parameter is deprecated because frozen indices have been deprecated. Consider cold or frozen tiers in place of frozen indices."]
2022-03-29 12:09:55.366  WARN 11328 --- [http-nio-9002-exec-2] org.elasticsearch.client.RestClient      : request [POST http://localhost:9200/filebeat-7.17.1-2022.03.28/_search?typed_keys=true&max_concurrent_shard_requests=5&ignore_unavailable=false&expand_wildcards=open&allow_no_indices=true&ignore_throttled=true&search_type=query_then_fetch&batched_reduce_size=512] returned 1 warnings: [299 Elasticsearch-7.17.1-e5acb99f822233d62d6444ce45a4543dc1c8059a "[ignore_throttled] parameter is deprecated because frozen indices have been deprecated. Consider cold or frozen tiers in place of frozen indices."]
2022-03-29 12:09:58.926  WARN 11328 --- [http-nio-9002-exec-7] org.elasticsearch.client.RestClient      : request [POST http://localhost:9200/filebeat-7.17.1-2022.03.28/_search?typed_keys=true&max_concurrent_shard_requests=5&ignore_unavailable=false&expand_wildcards=open&allow_no_indices=true&ignore_throttled=true&search_type=query_then_fetch&batched_reduce_size=512] returned 1 warnings: [299 Elasticsearch-7.17.1-e5acb99f822233d62d6444ce45a4543dc1c8059a "[ignore_throttled] parameter is deprecated because frozen indices have been deprecated. Consider cold or frozen tiers in place of frozen indices."]
2022-03-29 12:09:58.931  WARN 11328 --- [http-nio-9002-exec-7] org.elasticsearch.client.RestClient      : request [POST http://localhost:9200/filebeat-7.17.1-2022.03.28/_search?typed_keys=true&max_concurrent_shard_requests=5&ignore_unavailable=false&expand_wildcards=open&allow_no_indices=true&ignore_throttled=true&search_type=query_then_fetch&batched_reduce_size=512] returned 1 warnings: [299 Elasticsearch-7.17.1-e5acb99f822233d62d6444ce45a4543dc1c8059a "[ignore_throttled] parameter is deprecated because frozen indices have been deprecated. Consider cold or frozen tiers in place of frozen indices."]
2022-03-29 12:09:58.934  WARN 11328 --- [http-nio-9002-exec-7] org.elasticsearch.client.RestClient      : request [POST http://localhost:9200/filebeat-7.17.1-2022.03.28/_search?typed_keys=true&max_concurrent_shard_requests=5&ignore_unavailable=false&expand_wildcards=open&allow_no_indices=true&ignore_throttled=true&search_type=query_then_fetch&batched_reduce_size=512] returned 1 warnings: [299 Elasticsearch-7.17.1-e5acb99f822233d62d6444ce45a4543dc1c8059a "[ignore_throttled] parameter is deprecated because frozen indices have been deprecated. Consider cold or frozen tiers in place of frozen indices."]
2022-03-29 12:11:07.418  INFO 15312 --- [main] c.e.e.ElasticSearchApplication           : Starting ElasticSearchApplication using Java 1.8.0_202 on DESKTOP-NFPJLDQ with PID 15312 (C:\Users\AhmadAr\Desktop\ElasticSearch\target\classes started by AhmadAr in C:\Users\AhmadAr\Desktop\ElasticSearch)
2022-03-29 12:11:07.423  INFO 15312 --- [main] c.e.e.ElasticSearchApplication           : No active profile set, falling back to 1 default profile: "default"
2022-03-29 12:11:08.105  INFO 15312 --- [main] .s.d.r.c.RepositoryConfigurationDelegate : Bootstrapping Spring Data Elasticsearch repositories in DEFAULT mode.
2022-03-29 12:11:08.158  INFO 15312 --- [main] .s.d.r.c.RepositoryConfigurationDelegate : Finished Spring Data repository scanning in 47 ms. Found 2 Elasticsearch repository interfaces.
2022-03-29 12:11:08.295  INFO 15312 --- [main] .s.d.r.c.RepositoryConfigurationDelegate : Bootstrapping Spring Data Reactive Elasticsearch repositories in DEFAULT mode.
2022-03-29 12:11:08.299  INFO 15312 --- [main] .s.d.r.c.RepositoryConfigurationDelegate : Finished Spring Data repository scanning in 3 ms. Found 0 Reactive Elasticsearch repository interfaces.
2022-03-29 12:11:08.651  INFO 15312 --- [main] o.s.b.w.embedded.tomcat.TomcatWebServer  : Tomcat initialized with port(s): 9002 (http)
2022-03-29 12:11:08.659  INFO 15312 --- [main] o.apache.catalina.core.StandardService   : Starting service [Tomcat]
2022-03-29 12:11:08.659  INFO 15312 --- [main] org.apache.catalina.core.StandardEngine  : Starting Servlet engine: [Apache Tomcat/9.0.58]
2022-03-29 12:11:08.761  INFO 15312 --- [main] o.a.c.c.C.[Tomcat].[localhost].[/]       : Initializing Spring embedded WebApplicationContext
2022-03-29 12:11:08.761  INFO 15312 --- [main] w.s.c.ServletWebServerApplicationContext : Root WebApplicationContext: initialization completed in 1272 ms
2022-03-29 12:11:09.909  WARN 15312 --- [main] org.elasticsearch.client.RestClient      : request [HEAD http://localhost:9200/user?ignore_throttled=false&ignore_unavailable=false&expand_wildcards=open%2Cclosed&allow_no_indices=false] returned 1 warnings: [299 Elasticsearch-7.17.1-e5acb99f822233d62d6444ce45a4543dc1c8059a "[ignore_throttled] parameter is deprecated because frozen indices have been deprecated. Consider cold or frozen tiers in place of frozen indices."]
2022-03-29 12:11:09.973  WARN 15312 --- [main] org.elasticsearch.client.RestClient      : request [HEAD http://localhost:9200/filebeat-7.17.1-2022.03.28?ignore_throttled=false&ignore_unavailable=false&expand_wildcards=open%2Cclosed&allow_no_indices=false] returned 1 warnings: [299 Elasticsearch-7.17.1-e5acb99f822233d62d6444ce45a4543dc1c8059a "[ignore_throttled] parameter is deprecated because frozen indices have been deprecated. Consider cold or frozen tiers in place of frozen indices."]
2022-03-29 12:11:10.264  INFO 15312 --- [main] o.s.b.w.embedded.tomcat.TomcatWebServer  : Tomcat started on port(s): 9002 (http) with context path ''
2022-03-29 12:11:10.272  INFO 15312 --- [main] c.e.e.ElasticSearchApplication           : Started ElasticSearchApplication in 3.634 seconds (JVM running for 5.122)
2022-03-29 12:11:15.026  INFO 15312 --- [http-nio-9002-exec-1] o.a.c.c.C.[Tomcat].[localhost].[/]       : Initializing Spring DispatcherServlet 'dispatcherServlet'
2022-03-29 12:11:15.026  INFO 15312 --- [http-nio-9002-exec-1] o.s.web.servlet.DispatcherServlet        : Initializing Servlet 'dispatcherServlet'
2022-03-29 12:11:15.027  INFO 15312 --- [http-nio-9002-exec-1] o.s.web.servlet.DispatcherServlet        : Completed initialization in 1 ms
2022-03-29 12:11:15.121  INFO 15312 --- [http-nio-9002-exec-1] c.e.elasticsearch.service.UserService    : You are here
2022-03-29 12:11:15.122  INFO 15312 --- [http-nio-9002-exec-1] c.e.elasticsearch.service.UserService    : You are Trying to delete user : 1
2022-03-29 12:11:15.329  WARN 15312 --- [http-nio-9002-exec-1] org.elasticsearch.client.RestClient      : request [POST http://localhost:9200/user/_refresh?ignore_throttled=false&ignore_unavailable=false&expand_wildcards=open&allow_no_indices=true] returned 1 warnings: [299 Elasticsearch-7.17.1-e5acb99f822233d62d6444ce45a4543dc1c8059a "[ignore_throttled] parameter is deprecated because frozen indices have been deprecated. Consider cold or frozen tiers in place of frozen indices."]
2022-03-29 12:11:18.045  INFO 15312 --- [http-nio-9002-exec-3] c.e.elasticsearch.service.UserService    : You are here
2022-03-29 12:11:18.045  INFO 15312 --- [http-nio-9002-exec-3] c.e.elasticsearch.service.UserService    : You are Trying to delete user : 10
2022-03-29 12:11:18.181  WARN 15312 --- [http-nio-9002-exec-3] org.elasticsearch.client.RestClient      : request [POST http://localhost:9200/user/_refresh?ignore_throttled=false&ignore_unavailable=false&expand_wildcards=open&allow_no_indices=true] returned 1 warnings: [299 Elasticsearch-7.17.1-e5acb99f822233d62d6444ce45a4543dc1c8059a "[ignore_throttled] parameter is deprecated because frozen indices have been deprecated. Consider cold or frozen tiers in place of frozen indices."]
2022-03-29 12:11:25.103  WARN 15312 --- [http-nio-9002-exec-2] org.elasticsearch.client.RestClient      : request [POST http://localhost:9200/filebeat-7.17.1-2022.03.28/_search?typed_keys=true&max_concurrent_shard_requests=5&ignore_unavailable=false&expand_wildcards=open&allow_no_indices=true&ignore_throttled=true&search_type=query_then_fetch&batched_reduce_size=512] returned 1 warnings: [299 Elasticsearch-7.17.1-e5acb99f822233d62d6444ce45a4543dc1c8059a "[ignore_throttled] parameter is deprecated because frozen indices have been deprecated. Consider cold or frozen tiers in place of frozen indices."]
2022-03-29 12:11:25.527  WARN 15312 --- [http-nio-9002-exec-2] org.elasticsearch.client.RestClient      : request [POST http://localhost:9200/filebeat-7.17.1-2022.03.28/_refresh?ignore_throttled=false&ignore_unavailable=false&expand_wildcards=open&allow_no_indices=true] returned 1 warnings: [299 Elasticsearch-7.17.1-e5acb99f822233d62d6444ce45a4543dc1c8059a "[ignore_throttled] parameter is deprecated because frozen indices have been deprecated. Consider cold or frozen tiers in place of frozen indices."]
2022-03-29 12:11:25.532  WARN 15312 --- [http-nio-9002-exec-2] org.elasticsearch.client.RestClient      : request [POST http://localhost:9200/filebeat-7.17.1-2022.03.28/_search?typed_keys=true&max_concurrent_shard_requests=5&ignore_unavailable=false&expand_wildcards=open&allow_no_indices=true&ignore_throttled=true&search_type=query_then_fetch&batched_reduce_size=512] returned 1 warnings: [299 Elasticsearch-7.17.1-e5acb99f822233d62d6444ce45a4543dc1c8059a "[ignore_throttled] parameter is deprecated because frozen indices have been deprecated. Consider cold or frozen tiers in place of frozen indices."]
2022-03-29 12:11:25.537  WARN 15312 --- [http-nio-9002-exec-2] org.elasticsearch.client.RestClient      : request [POST http://localhost:9200/filebeat-7.17.1-2022.03.28/_search?typed_keys=true&max_concurrent_shard_requests=5&ignore_unavailable=false&expand_wildcards=open&allow_no_indices=true&ignore_throttled=true&search_type=query_then_fetch&batched_reduce_size=512] returned 1 warnings: [299 Elasticsearch-7.17.1-e5acb99f822233d62d6444ce45a4543dc1c8059a "[ignore_throttled] parameter is deprecated because frozen indices have been deprecated. Consider cold or frozen tiers in place of frozen indices."]
2022-03-29 12:11:32.667  WARN 15312 --- [http-nio-9002-exec-5] org.elasticsearch.client.RestClient      : request [POST http://localhost:9200/filebeat-7.17.1-2022.03.28/_search?typed_keys=true&max_concurrent_shard_requests=5&ignore_unavailable=false&expand_wildcards=open&allow_no_indices=true&ignore_throttled=true&search_type=query_then_fetch&batched_reduce_size=512] returned 1 warnings: [299 Elasticsearch-7.17.1-e5acb99f822233d62d6444ce45a4543dc1c8059a "[ignore_throttled] parameter is deprecated because frozen indices have been deprecated. Consider cold or frozen tiers in place of frozen indices."]
2022-03-29 12:11:32.672  WARN 15312 --- [http-nio-9002-exec-5] org.elasticsearch.client.RestClient      : request [POST http://localhost:9200/filebeat-7.17.1-2022.03.28/_search?typed_keys=true&max_concurrent_shard_requests=5&ignore_unavailable=false&expand_wildcards=open&allow_no_indices=true&ignore_throttled=true&search_type=query_then_fetch&batched_reduce_size=512] returned 1 warnings: [299 Elasticsearch-7.17.1-e5acb99f822233d62d6444ce45a4543dc1c8059a "[ignore_throttled] parameter is deprecated because frozen indices have been deprecated. Consider cold or frozen tiers in place of frozen indices."]
2022-03-29 12:13:26.750  WARN 15312 --- [http-nio-9002-exec-8] org.elasticsearch.client.RestClient      : request [POST http://localhost:9200/user/_refresh?ignore_throttled=false&ignore_unavailable=false&expand_wildcards=open&allow_no_indices=true] returned 1 warnings: [299 Elasticsearch-7.17.1-e5acb99f822233d62d6444ce45a4543dc1c8059a "[ignore_throttled] parameter is deprecated because frozen indices have been deprecated. Consider cold or frozen tiers in place of frozen indices."]
2022-03-29 12:15:15.579  INFO 8492 --- [main] c.e.e.ElasticSearchApplication           : Starting ElasticSearchApplication using Java 1.8.0_202 on DESKTOP-NFPJLDQ with PID 8492 (C:\Users\AhmadAr\Desktop\ElasticSearch\target\classes started by AhmadAr in C:\Users\AhmadAr\Desktop\ElasticSearch)
2022-03-29 12:15:15.583  INFO 8492 --- [main] c.e.e.ElasticSearchApplication           : No active profile set, falling back to 1 default profile: "default"
2022-03-29 12:15:15.926  INFO 8492 --- [main] .s.d.r.c.RepositoryConfigurationDelegate : Bootstrapping Spring Data Elasticsearch repositories in DEFAULT mode.
2022-03-29 12:15:15.987  INFO 8492 --- [main] .s.d.r.c.RepositoryConfigurationDelegate : Finished Spring Data repository scanning in 30 ms. Found 2 Elasticsearch repository interfaces.
2022-03-29 12:15:16.071  INFO 8492 --- [main] .s.d.r.c.RepositoryConfigurationDelegate : Bootstrapping Spring Data Reactive Elasticsearch repositories in DEFAULT mode.
2022-03-29 12:15:16.074  INFO 8492 --- [main] .s.d.r.c.RepositoryConfigurationDelegate : Finished Spring Data repository scanning in 2 ms. Found 0 Reactive Elasticsearch repository interfaces.
2022-03-29 12:15:16.310  INFO 8492 --- [main] o.s.b.w.embedded.tomcat.TomcatWebServer  : Tomcat initialized with port(s): 9002 (http)
2022-03-29 12:15:16.315  INFO 8492 --- [main] o.apache.catalina.core.StandardService   : Starting service [Tomcat]
2022-03-29 12:15:16.315  INFO 8492 --- [main] org.apache.catalina.core.StandardEngine  : Starting Servlet engine: [Apache Tomcat/9.0.58]
2022-03-29 12:15:16.387  INFO 8492 --- [main] o.a.c.c.C.[Tomcat].[localhost].[/]       : Initializing Spring embedded WebApplicationContext
2022-03-29 12:15:16.387  INFO 8492 --- [main] w.s.c.ServletWebServerApplicationContext : Root WebApplicationContext: initialization completed in 754 ms
2022-03-29 12:15:17.094  WARN 8492 --- [main] org.elasticsearch.client.RestClient      : request [HEAD http://localhost:9200/user?ignore_throttled=false&ignore_unavailable=false&expand_wildcards=open%2Cclosed&allow_no_indices=false] returned 1 warnings: [299 Elasticsearch-7.17.1-e5acb99f822233d62d6444ce45a4543dc1c8059a "[ignore_throttled] parameter is deprecated because frozen indices have been deprecated. Consider cold or frozen tiers in place of frozen indices."]
2022-03-29 12:15:17.142  WARN 8492 --- [main] org.elasticsearch.client.RestClient      : request [HEAD http://localhost:9200/filebeat-7.17.1-2022.03.28?ignore_throttled=false&ignore_unavailable=false&expand_wildcards=open%2Cclosed&allow_no_indices=false] returned 1 warnings: [299 Elasticsearch-7.17.1-e5acb99f822233d62d6444ce45a4543dc1c8059a "[ignore_throttled] parameter is deprecated because frozen indices have been deprecated. Consider cold or frozen tiers in place of frozen indices."]
2022-03-29 12:15:17.325  INFO 8492 --- [main] o.s.b.w.embedded.tomcat.TomcatWebServer  : Tomcat started on port(s): 9002 (http) with context path ''
2022-03-29 12:15:17.331  INFO 8492 --- [main] c.e.e.ElasticSearchApplication           : Started ElasticSearchApplication in 2.114 seconds (JVM running for 2.879)
2022-03-29 12:15:24.126  INFO 8492 --- [http-nio-9002-exec-7] o.a.c.c.C.[Tomcat].[localhost].[/]       : Initializing Spring DispatcherServlet 'dispatcherServlet'
2022-03-29 12:15:24.126  INFO 8492 --- [http-nio-9002-exec-7] o.s.web.servlet.DispatcherServlet        : Initializing Servlet 'dispatcherServlet'
2022-03-29 12:15:24.128  INFO 8492 --- [http-nio-9002-exec-7] o.s.web.servlet.DispatcherServlet        : Completed initialization in 1 ms
2022-03-29 12:15:24.270  WARN 8492 --- [http-nio-9002-exec-7] org.elasticsearch.client.RestClient      : request [POST http://localhost:9200/user/_search?typed_keys=true&max_concurrent_shard_requests=5&ignore_unavailable=false&expand_wildcards=open&allow_no_indices=true&ignore_throttled=true&search_type=query_then_fetch&batched_reduce_size=512] returned 1 warnings: [299 Elasticsearch-7.17.1-e5acb99f822233d62d6444ce45a4543dc1c8059a "[ignore_throttled] parameter is deprecated because frozen indices have been deprecated. Consider cold or frozen tiers in place of frozen indices."]
2022-03-29 12:15:24.281  WARN 8492 --- [http-nio-9002-exec-7] org.elasticsearch.client.RestClient      : request [POST http://localhost:9200/user/_search?typed_keys=true&max_concurrent_shard_requests=5&ignore_unavailable=false&expand_wildcards=open&allow_no_indices=true&ignore_throttled=true&search_type=query_then_fetch&batched_reduce_size=512] returned 1 warnings: [299 Elasticsearch-7.17.1-e5acb99f822233d62d6444ce45a4543dc1c8059a "[ignore_throttled] parameter is deprecated because frozen indices have been deprecated. Consider cold or frozen tiers in place of frozen indices."]
2022-03-29 12:15:48.395  WARN 8492 --- [http-nio-9002-exec-10] org.elasticsearch.client.RestClient      : request [POST http://localhost:9200/user/_refresh?ignore_throttled=false&ignore_unavailable=false&expand_wildcards=open&allow_no_indices=true] returned 1 warnings: [299 Elasticsearch-7.17.1-e5acb99f822233d62d6444ce45a4543dc1c8059a "[ignore_throttled] parameter is deprecated because frozen indices have been deprecated. Consider cold or frozen tiers in place of frozen indices."]
2022-03-29 12:15:51.503  WARN 8492 --- [http-nio-9002-exec-5] org.elasticsearch.client.RestClient      : request [POST http://localhost:9200/user/_search?typed_keys=true&max_concurrent_shard_requests=5&ignore_unavailable=false&expand_wildcards=open&allow_no_indices=true&ignore_throttled=true&search_type=query_then_fetch&batched_reduce_size=512] returned 1 warnings: [299 Elasticsearch-7.17.1-e5acb99f822233d62d6444ce45a4543dc1c8059a "[ignore_throttled] parameter is deprecated because frozen indices have been deprecated. Consider cold or frozen tiers in place of frozen indices."]
2022-03-29 12:15:51.508  WARN 8492 --- [http-nio-9002-exec-5] org.elasticsearch.client.RestClient      : request [POST http://localhost:9200/user/_search?typed_keys=true&max_concurrent_shard_requests=5&ignore_unavailable=false&expand_wildcards=open&allow_no_indices=true&ignore_throttled=true&search_type=query_then_fetch&batched_reduce_size=512] returned 1 warnings: [299 Elasticsearch-7.17.1-e5acb99f822233d62d6444ce45a4543dc1c8059a "[ignore_throttled] parameter is deprecated because frozen indices have been deprecated. Consider cold or frozen tiers in place of frozen indices."]
2022-03-29 12:16:02.305  WARN 8492 --- [http-nio-9002-exec-4] org.elasticsearch.client.RestClient      : request [POST http://localhost:9200/filebeat-7.17.1-2022.03.28/_search?typed_keys=true&max_concurrent_shard_requests=5&ignore_unavailable=false&expand_wildcards=open&allow_no_indices=true&ignore_throttled=true&search_type=query_then_fetch&batched_reduce_size=512] returned 1 warnings: [299 Elasticsearch-7.17.1-e5acb99f822233d62d6444ce45a4543dc1c8059a "[ignore_throttled] parameter is deprecated because frozen indices have been deprecated. Consider cold or frozen tiers in place of frozen indices."]
2022-03-29 12:16:02.312  WARN 8492 --- [http-nio-9002-exec-4] org.elasticsearch.client.RestClient      : request [POST http://localhost:9200/filebeat-7.17.1-2022.03.28/_search?typed_keys=true&max_concurrent_shard_requests=5&ignore_unavailable=false&expand_wildcards=open&allow_no_indices=true&ignore_throttled=true&search_type=query_then_fetch&batched_reduce_size=512] returned 1 warnings: [299 Elasticsearch-7.17.1-e5acb99f822233d62d6444ce45a4543dc1c8059a "[ignore_throttled] parameter is deprecated because frozen indices have been deprecated. Consider cold or frozen tiers in place of frozen indices."]
2022-03-29 12:17:59.947  INFO 8492 --- [http-nio-9002-exec-8] c.e.elasticsearch.service.UserService    : You are here
2022-03-29 12:17:59.948  INFO 8492 --- [http-nio-9002-exec-8] c.e.elasticsearch.service.UserService    : You are Trying to delete user : 2
2022-03-29 12:18:00.280  WARN 8492 --- [http-nio-9002-exec-8] org.elasticsearch.client.RestClient      : request [POST http://localhost:9200/user/_refresh?ignore_throttled=false&ignore_unavailable=false&expand_wildcards=open&allow_no_indices=true] returned 1 warnings: [299 Elasticsearch-7.17.1-e5acb99f822233d62d6444ce45a4543dc1c8059a "[ignore_throttled] parameter is deprecated because frozen indices have been deprecated. Consider cold or frozen tiers in place of frozen indices."]
2022-03-29 12:18:15.784  WARN 8492 --- [http-nio-9002-exec-9] org.elasticsearch.client.RestClient      : request [POST http://localhost:9200/filebeat-7.17.1-2022.03.28/_search?typed_keys=true&max_concurrent_shard_requests=5&ignore_unavailable=false&expand_wildcards=open&allow_no_indices=true&ignore_throttled=true&search_type=query_then_fetch&batched_reduce_size=512] returned 1 warnings: [299 Elasticsearch-7.17.1-e5acb99f822233d62d6444ce45a4543dc1c8059a "[ignore_throttled] parameter is deprecated because frozen indices have been deprecated. Consider cold or frozen tiers in place of frozen indices."]
2022-03-29 12:18:15.793  WARN 8492 --- [http-nio-9002-exec-9] org.elasticsearch.client.RestClient      : request [POST http://localhost:9200/filebeat-7.17.1-2022.03.28/_search?typed_keys=true&max_concurrent_shard_requests=5&ignore_unavailable=false&expand_wildcards=open&allow_no_indices=true&ignore_throttled=true&search_type=query_then_fetch&batched_reduce_size=512] returned 1 warnings: [299 Elasticsearch-7.17.1-e5acb99f822233d62d6444ce45a4543dc1c8059a "[ignore_throttled] parameter is deprecated because frozen indices have been deprecated. Consider cold or frozen tiers in place of frozen indices."]
2022-03-29 12:19:13.166  WARN 8492 --- [http-nio-9002-exec-3] org.elasticsearch.client.RestClient      : request [POST http://localhost:9200/filebeat-7.17.1-2022.03.28/_search?typed_keys=true&max_concurrent_shard_requests=5&ignore_unavailable=false&expand_wildcards=open&allow_no_indices=true&ignore_throttled=true&search_type=query_then_fetch&batched_reduce_size=512] returned 1 warnings: [299 Elasticsearch-7.17.1-e5acb99f822233d62d6444ce45a4543dc1c8059a "[ignore_throttled] parameter is deprecated because frozen indices have been deprecated. Consider cold or frozen tiers in place of frozen indices."]
2022-03-29 12:19:13.415  WARN 8492 --- [http-nio-9002-exec-3] org.elasticsearch.client.RestClient      : request [POST http://localhost:9200/filebeat-7.17.1-2022.03.28/_refresh?ignore_throttled=false&ignore_unavailable=false&expand_wildcards=open&allow_no_indices=true] returned 1 warnings: [299 Elasticsearch-7.17.1-e5acb99f822233d62d6444ce45a4543dc1c8059a "[ignore_throttled] parameter is deprecated because frozen indices have been deprecated. Consider cold or frozen tiers in place of frozen indices."]
2022-03-29 12:19:13.424  WARN 8492 --- [http-nio-9002-exec-3] org.elasticsearch.client.RestClient      : request [POST http://localhost:9200/filebeat-7.17.1-2022.03.28/_search?typed_keys=true&max_concurrent_shard_requests=5&ignore_unavailable=false&expand_wildcards=open&allow_no_indices=true&ignore_throttled=true&search_type=query_then_fetch&batched_reduce_size=512] returned 1 warnings: [299 Elasticsearch-7.17.1-e5acb99f822233d62d6444ce45a4543dc1c8059a "[ignore_throttled] parameter is deprecated because frozen indices have been deprecated. Consider cold or frozen tiers in place of frozen indices."]
2022-03-29 12:19:13.432  WARN 8492 --- [http-nio-9002-exec-3] org.elasticsearch.client.RestClient      : request [POST http://localhost:9200/filebeat-7.17.1-2022.03.28/_search?typed_keys=true&max_concurrent_shard_requests=5&ignore_unavailable=false&expand_wildcards=open&allow_no_indices=true&ignore_throttled=true&search_type=query_then_fetch&batched_reduce_size=512] returned 1 warnings: [299 Elasticsearch-7.17.1-e5acb99f822233d62d6444ce45a4543dc1c8059a "[ignore_throttled] parameter is deprecated because frozen indices have been deprecated. Consider cold or frozen tiers in place of frozen indices."]
2022-03-29 12:19:33.293  WARN 8492 --- [http-nio-9002-exec-1] org.elasticsearch.client.RestClient      : request [POST http://localhost:9200/filebeat-7.17.1-2022.03.28/_search?typed_keys=true&max_concurrent_shard_requests=5&ignore_unavailable=false&expand_wildcards=open&allow_no_indices=true&ignore_throttled=true&search_type=query_then_fetch&batched_reduce_size=512] returned 1 warnings: [299 Elasticsearch-7.17.1-e5acb99f822233d62d6444ce45a4543dc1c8059a "[ignore_throttled] parameter is deprecated because frozen indices have been deprecated. Consider cold or frozen tiers in place of frozen indices."]
2022-03-29 12:19:33.303  WARN 8492 --- [http-nio-9002-exec-1] org.elasticsearch.client.RestClient      : request [POST http://localhost:9200/filebeat-7.17.1-2022.03.28/_search?typed_keys=true&max_concurrent_shard_requests=5&ignore_unavailable=false&expand_wildcards=open&allow_no_indices=true&ignore_throttled=true&search_type=query_then_fetch&batched_reduce_size=512] returned 1 warnings: [299 Elasticsearch-7.17.1-e5acb99f822233d62d6444ce45a4543dc1c8059a "[ignore_throttled] parameter is deprecated because frozen indices have been deprecated. Consider cold or frozen tiers in place of frozen indices."]
2022-03-29 12:20:01.412  WARN 8492 --- [http-nio-9002-exec-7] org.elasticsearch.client.RestClient      : request [POST http://localhost:9200/filebeat-7.17.1-2022.03.28/_search?typed_keys=true&max_concurrent_shard_requests=5&ignore_unavailable=false&expand_wildcards=open&allow_no_indices=true&ignore_throttled=true&search_type=query_then_fetch&batched_reduce_size=512] returned 1 warnings: [299 Elasticsearch-7.17.1-e5acb99f822233d62d6444ce45a4543dc1c8059a "[ignore_throttled] parameter is deprecated because frozen indices have been deprecated. Consider cold or frozen tiers in place of frozen indices."]
2022-03-29 12:20:01.431 ERROR 8492 --- [http-nio-9002-exec-7] o.a.c.c.C.[.[.[/].[dispatcherServlet]    : Servlet.service() for servlet [dispatcherServlet] in context with path [] threw exception [Request processing failed; nested exception is java.lang.NullPointerException] with root cause

java.lang.NullPointerException: null
	at com.example.elasticsearch.service.LogService.activeDelete(LogService.java:25) ~[classes/:na]
	at com.example.elasticsearch.Controller.UserController.activeDelete(UserController.java:58) ~[classes/:na]
	at sun.reflect.NativeMethodAccessorImpl.invoke0(Native Method) ~[na:1.8.0_202]
	at sun.reflect.NativeMethodAccessorImpl.invoke(NativeMethodAccessorImpl.java:62) ~[na:1.8.0_202]
	at sun.reflect.DelegatingMethodAccessorImpl.invoke(DelegatingMethodAccessorImpl.java:43) ~[na:1.8.0_202]
	at java.lang.reflect.Method.invoke(Method.java:498) ~[na:1.8.0_202]
	at org.springframework.web.method.support.InvocableHandlerMethod.doInvoke(InvocableHandlerMethod.java:205) ~[spring-web-5.3.16.jar:5.3.16]
	at org.springframework.web.method.support.InvocableHandlerMethod.invokeForRequest(InvocableHandlerMethod.java:150) ~[spring-web-5.3.16.jar:5.3.16]
	at org.springframework.web.servlet.mvc.method.annotation.ServletInvocableHandlerMethod.invokeAndHandle(ServletInvocableHandlerMethod.java:117) ~[spring-webmvc-5.3.16.jar:5.3.16]
	at org.springframework.web.servlet.mvc.method.annotation.RequestMappingHandlerAdapter.invokeHandlerMethod(RequestMappingHandlerAdapter.java:895) ~[spring-webmvc-5.3.16.jar:5.3.16]
	at org.springframework.web.servlet.mvc.method.annotation.RequestMappingHandlerAdapter.handleInternal(RequestMappingHandlerAdapter.java:808) ~[spring-webmvc-5.3.16.jar:5.3.16]
	at org.springframework.web.servlet.mvc.method.AbstractHandlerMethodAdapter.handle(AbstractHandlerMethodAdapter.java:87) ~[spring-webmvc-5.3.16.jar:5.3.16]
	at org.springframework.web.servlet.DispatcherServlet.doDispatch(DispatcherServlet.java:1067) ~[spring-webmvc-5.3.16.jar:5.3.16]
	at org.springframework.web.servlet.DispatcherServlet.doService(DispatcherServlet.java:963) ~[spring-webmvc-5.3.16.jar:5.3.16]
	at org.springframework.web.servlet.FrameworkServlet.processRequest(FrameworkServlet.java:1006) ~[spring-webmvc-5.3.16.jar:5.3.16]
	at org.springframework.web.servlet.FrameworkServlet.doPut(FrameworkServlet.java:920) ~[spring-webmvc-5.3.16.jar:5.3.16]
	at javax.servlet.http.HttpServlet.service(HttpServlet.java:684) ~[tomcat-embed-core-9.0.58.jar:4.0.FR]
	at org.springframework.web.servlet.FrameworkServlet.service(FrameworkServlet.java:883) ~[spring-webmvc-5.3.16.jar:5.3.16]
	at javax.servlet.http.HttpServlet.service(HttpServlet.java:764) ~[tomcat-embed-core-9.0.58.jar:4.0.FR]
	at org.apache.catalina.core.ApplicationFilterChain.internalDoFilter(ApplicationFilterChain.java:227) ~[tomcat-embed-core-9.0.58.jar:9.0.58]
	at org.apache.catalina.core.ApplicationFilterChain.doFilter(ApplicationFilterChain.java:162) ~[tomcat-embed-core-9.0.58.jar:9.0.58]
	at org.apache.tomcat.websocket.server.WsFilter.doFilter(WsFilter.java:53) ~[tomcat-embed-websocket-9.0.58.jar:9.0.58]
	at org.apache.catalina.core.ApplicationFilterChain.internalDoFilter(ApplicationFilterChain.java:189) ~[tomcat-embed-core-9.0.58.jar:9.0.58]
	at org.apache.catalina.core.ApplicationFilterChain.doFilter(ApplicationFilterChain.java:162) ~[tomcat-embed-core-9.0.58.jar:9.0.58]
	at org.springframework.web.filter.RequestContextFilter.doFilterInternal(RequestContextFilter.java:100) ~[spring-web-5.3.16.jar:5.3.16]
	at org.springframework.web.filter.OncePerRequestFilter.doFilter(OncePerRequestFilter.java:117) ~[spring-web-5.3.16.jar:5.3.16]
	at org.apache.catalina.core.ApplicationFilterChain.internalDoFilter(ApplicationFilterChain.java:189) ~[tomcat-embed-core-9.0.58.jar:9.0.58]
	at org.apache.catalina.core.ApplicationFilterChain.doFilter(ApplicationFilterChain.java:162) ~[tomcat-embed-core-9.0.58.jar:9.0.58]
	at org.springframework.web.filter.FormContentFilter.doFilterInternal(FormContentFilter.java:93) ~[spring-web-5.3.16.jar:5.3.16]
	at org.springframework.web.filter.OncePerRequestFilter.doFilter(OncePerRequestFilter.java:117) ~[spring-web-5.3.16.jar:5.3.16]
	at org.apache.catalina.core.ApplicationFilterChain.internalDoFilter(ApplicationFilterChain.java:189) ~[tomcat-embed-core-9.0.58.jar:9.0.58]
	at org.apache.catalina.core.ApplicationFilterChain.doFilter(ApplicationFilterChain.java:162) ~[tomcat-embed-core-9.0.58.jar:9.0.58]
	at org.springframework.web.filter.CharacterEncodingFilter.doFilterInternal(CharacterEncodingFilter.java:201) ~[spring-web-5.3.16.jar:5.3.16]
	at org.springframework.web.filter.OncePerRequestFilter.doFilter(OncePerRequestFilter.java:117) ~[spring-web-5.3.16.jar:5.3.16]
	at org.apache.catalina.core.ApplicationFilterChain.internalDoFilter(ApplicationFilterChain.java:189) ~[tomcat-embed-core-9.0.58.jar:9.0.58]
	at org.apache.catalina.core.ApplicationFilterChain.doFilter(ApplicationFilterChain.java:162) ~[tomcat-embed-core-9.0.58.jar:9.0.58]
	at org.apache.catalina.core.StandardWrapperValve.invoke(StandardWrapperValve.java:197) ~[tomcat-embed-core-9.0.58.jar:9.0.58]
	at org.apache.catalina.core.StandardContextValve.invoke(StandardContextValve.java:97) [tomcat-embed-core-9.0.58.jar:9.0.58]
	at org.apache.catalina.authenticator.AuthenticatorBase.invoke(AuthenticatorBase.java:540) [tomcat-embed-core-9.0.58.jar:9.0.58]
	at org.apache.catalina.core.StandardHostValve.invoke(StandardHostValve.java:135) [tomcat-embed-core-9.0.58.jar:9.0.58]
	at org.apache.catalina.valves.ErrorReportValve.invoke(ErrorReportValve.java:92) [tomcat-embed-core-9.0.58.jar:9.0.58]
	at org.apache.catalina.core.StandardEngineValve.invoke(StandardEngineValve.java:78) [tomcat-embed-core-9.0.58.jar:9.0.58]
	at org.apache.catalina.connector.CoyoteAdapter.service(CoyoteAdapter.java:359) [tomcat-embed-core-9.0.58.jar:9.0.58]
	at org.apache.coyote.http11.Http11Processor.service(Http11Processor.java:399) [tomcat-embed-core-9.0.58.jar:9.0.58]
	at org.apache.coyote.AbstractProcessorLight.process(AbstractProcessorLight.java:65) [tomcat-embed-core-9.0.58.jar:9.0.58]
	at org.apache.coyote.AbstractProtocol$ConnectionHandler.process(AbstractProtocol.java:889) [tomcat-embed-core-9.0.58.jar:9.0.58]
	at org.apache.tomcat.util.net.NioEndpoint$SocketProcessor.doRun(NioEndpoint.java:1735) [tomcat-embed-core-9.0.58.jar:9.0.58]
	at org.apache.tomcat.util.net.SocketProcessorBase.run(SocketProcessorBase.java:49) [tomcat-embed-core-9.0.58.jar:9.0.58]
	at org.apache.tomcat.util.threads.ThreadPoolExecutor.runWorker(ThreadPoolExecutor.java:1191) [tomcat-embed-core-9.0.58.jar:9.0.58]
	at org.apache.tomcat.util.threads.ThreadPoolExecutor$Worker.run(ThreadPoolExecutor.java:659) [tomcat-embed-core-9.0.58.jar:9.0.58]
	at org.apache.tomcat.util.threads.TaskThread$WrappingRunnable.run(TaskThread.java:61) [tomcat-embed-core-9.0.58.jar:9.0.58]
	at java.lang.Thread.run(Thread.java:748) [na:1.8.0_202]

2022-03-29 12:55:00.164  INFO 18272 --- [main] c.e.e.ElasticSearchApplication           : Starting ElasticSearchApplication using Java 1.8.0_202 on DESKTOP-NFPJLDQ with PID 18272 (C:\Users\AhmadAr\Desktop\ElasticSearch\target\classes started by AhmadAr in C:\Users\AhmadAr\Desktop\ElasticSearch)
2022-03-29 12:55:00.166  INFO 18272 --- [main] c.e.e.ElasticSearchApplication           : No active profile set, falling back to 1 default profile: "default"
2022-03-29 12:55:00.523  INFO 18272 --- [main] .s.d.r.c.RepositoryConfigurationDelegate : Bootstrapping Spring Data Elasticsearch repositories in DEFAULT mode.
2022-03-29 12:55:00.553  INFO 18272 --- [main] .s.d.r.c.RepositoryConfigurationDelegate : Finished Spring Data repository scanning in 27 ms. Found 2 Elasticsearch repository interfaces.
2022-03-29 12:55:00.640  INFO 18272 --- [main] .s.d.r.c.RepositoryConfigurationDelegate : Bootstrapping Spring Data Reactive Elasticsearch repositories in DEFAULT mode.
2022-03-29 12:55:00.644  INFO 18272 --- [main] .s.d.r.c.RepositoryConfigurationDelegate : Finished Spring Data repository scanning in 2 ms. Found 0 Reactive Elasticsearch repository interfaces.
2022-03-29 12:55:00.864  INFO 18272 --- [main] o.s.b.w.embedded.tomcat.TomcatWebServer  : Tomcat initialized with port(s): 9002 (http)
2022-03-29 12:55:00.869  INFO 18272 --- [main] o.apache.catalina.core.StandardService   : Starting service [Tomcat]
2022-03-29 12:55:00.869  INFO 18272 --- [main] org.apache.catalina.core.StandardEngine  : Starting Servlet engine: [Apache Tomcat/9.0.58]
2022-03-29 12:55:00.939  INFO 18272 --- [main] o.a.c.c.C.[Tomcat].[localhost].[/]       : Initializing Spring embedded WebApplicationContext
2022-03-29 12:55:00.939  INFO 18272 --- [main] w.s.c.ServletWebServerApplicationContext : Root WebApplicationContext: initialization completed in 731 ms
2022-03-29 12:55:01.642  WARN 18272 --- [main] org.elasticsearch.client.RestClient      : request [HEAD http://localhost:9200/user?ignore_throttled=false&ignore_unavailable=false&expand_wildcards=open%2Cclosed&allow_no_indices=false] returned 1 warnings: [299 Elasticsearch-7.17.1-e5acb99f822233d62d6444ce45a4543dc1c8059a "[ignore_throttled] parameter is deprecated because frozen indices have been deprecated. Consider cold or frozen tiers in place of frozen indices."]
2022-03-29 12:55:01.691  WARN 18272 --- [main] org.elasticsearch.client.RestClient      : request [HEAD http://localhost:9200/filebeat-7.17.1-2022.03.28?ignore_throttled=false&ignore_unavailable=false&expand_wildcards=open%2Cclosed&allow_no_indices=false] returned 1 warnings: [299 Elasticsearch-7.17.1-e5acb99f822233d62d6444ce45a4543dc1c8059a "[ignore_throttled] parameter is deprecated because frozen indices have been deprecated. Consider cold or frozen tiers in place of frozen indices."]
2022-03-29 12:55:01.878  INFO 18272 --- [main] o.s.b.w.embedded.tomcat.TomcatWebServer  : Tomcat started on port(s): 9002 (http) with context path ''
2022-03-29 12:55:01.884  INFO 18272 --- [main] c.e.e.ElasticSearchApplication           : Started ElasticSearchApplication in 2.079 seconds (JVM running for 2.938)
2022-03-29 12:55:12.024  INFO 18272 --- [http-nio-9002-exec-9] o.a.c.c.C.[Tomcat].[localhost].[/]       : Initializing Spring DispatcherServlet 'dispatcherServlet'
2022-03-29 12:55:12.024  INFO 18272 --- [http-nio-9002-exec-9] o.s.web.servlet.DispatcherServlet        : Initializing Servlet 'dispatcherServlet'
2022-03-29 12:55:12.025  INFO 18272 --- [http-nio-9002-exec-9] o.s.web.servlet.DispatcherServlet        : Completed initialization in 0 ms
2022-03-29 12:55:12.062  INFO 18272 --- [http-nio-9002-exec-9] c.e.elasticsearch.service.UserService    : You are here
2022-03-29 12:55:12.062  INFO 18272 --- [http-nio-9002-exec-9] c.e.elasticsearch.service.UserService    : You are Trying to delete user : 500
2022-03-29 12:57:10.720  INFO 9948 --- [main] c.e.e.ElasticSearchApplication           : Starting ElasticSearchApplication using Java 1.8.0_202 on DESKTOP-NFPJLDQ with PID 9948 (C:\Users\AhmadAr\Desktop\ElasticSearch\target\classes started by AhmadAr in C:\Users\AhmadAr\Desktop\ElasticSearch)
2022-03-29 12:57:10.724  INFO 9948 --- [main] c.e.e.ElasticSearchApplication           : No active profile set, falling back to 1 default profile: "default"
2022-03-29 12:57:11.076  INFO 9948 --- [main] .s.d.r.c.RepositoryConfigurationDelegate : Bootstrapping Spring Data Elasticsearch repositories in DEFAULT mode.
2022-03-29 12:57:11.145  INFO 9948 --- [main] .s.d.r.c.RepositoryConfigurationDelegate : Finished Spring Data repository scanning in 35 ms. Found 2 Elasticsearch repository interfaces.
2022-03-29 12:57:11.230  INFO 9948 --- [main] .s.d.r.c.RepositoryConfigurationDelegate : Bootstrapping Spring Data Reactive Elasticsearch repositories in DEFAULT mode.
2022-03-29 12:57:11.233  INFO 9948 --- [main] .s.d.r.c.RepositoryConfigurationDelegate : Finished Spring Data repository scanning in 2 ms. Found 0 Reactive Elasticsearch repository interfaces.
2022-03-29 12:57:11.469  INFO 9948 --- [main] o.s.b.w.embedded.tomcat.TomcatWebServer  : Tomcat initialized with port(s): 9002 (http)
2022-03-29 12:57:11.474  INFO 9948 --- [main] o.apache.catalina.core.StandardService   : Starting service [Tomcat]
2022-03-29 12:57:11.475  INFO 9948 --- [main] org.apache.catalina.core.StandardEngine  : Starting Servlet engine: [Apache Tomcat/9.0.58]
2022-03-29 12:57:11.543  INFO 9948 --- [main] o.a.c.c.C.[Tomcat].[localhost].[/]       : Initializing Spring embedded WebApplicationContext
2022-03-29 12:57:11.543  INFO 9948 --- [main] w.s.c.ServletWebServerApplicationContext : Root WebApplicationContext: initialization completed in 776 ms
2022-03-29 12:57:12.272  WARN 9948 --- [main] org.elasticsearch.client.RestClient      : request [HEAD http://localhost:9200/user?ignore_throttled=false&ignore_unavailable=false&expand_wildcards=open%2Cclosed&allow_no_indices=false] returned 1 warnings: [299 Elasticsearch-7.17.1-e5acb99f822233d62d6444ce45a4543dc1c8059a "[ignore_throttled] parameter is deprecated because frozen indices have been deprecated. Consider cold or frozen tiers in place of frozen indices."]
2022-03-29 12:57:12.321  WARN 9948 --- [main] org.elasticsearch.client.RestClient      : request [HEAD http://localhost:9200/filebeat-7.17.1-2022.03.28?ignore_throttled=false&ignore_unavailable=false&expand_wildcards=open%2Cclosed&allow_no_indices=false] returned 1 warnings: [299 Elasticsearch-7.17.1-e5acb99f822233d62d6444ce45a4543dc1c8059a "[ignore_throttled] parameter is deprecated because frozen indices have been deprecated. Consider cold or frozen tiers in place of frozen indices."]
2022-03-29 12:57:12.527  INFO 9948 --- [main] o.s.b.w.embedded.tomcat.TomcatWebServer  : Tomcat started on port(s): 9002 (http) with context path ''
2022-03-29 12:57:12.533  INFO 9948 --- [main] c.e.e.ElasticSearchApplication           : Started ElasticSearchApplication in 2.182 seconds (JVM running for 3.095)
2022-03-29 12:57:23.501  INFO 9948 --- [http-nio-9002-exec-3] o.a.c.c.C.[Tomcat].[localhost].[/]       : Initializing Spring DispatcherServlet 'dispatcherServlet'
2022-03-29 12:57:23.501  INFO 9948 --- [http-nio-9002-exec-3] o.s.web.servlet.DispatcherServlet        : Initializing Servlet 'dispatcherServlet'
2022-03-29 12:57:23.502  INFO 9948 --- [http-nio-9002-exec-3] o.s.web.servlet.DispatcherServlet        : Completed initialization in 1 ms
2022-03-29 12:57:23.581  WARN 9948 --- [http-nio-9002-exec-3] org.elasticsearch.client.RestClient      : request [POST http://localhost:9200/user/_search?typed_keys=true&max_concurrent_shard_requests=5&ignore_unavailable=false&expand_wildcards=open&allow_no_indices=true&ignore_throttled=true&search_type=query_then_fetch&batched_reduce_size=512] returned 1 warnings: [299 Elasticsearch-7.17.1-e5acb99f822233d62d6444ce45a4543dc1c8059a "[ignore_throttled] parameter is deprecated because frozen indices have been deprecated. Consider cold or frozen tiers in place of frozen indices."]
2022-03-29 12:57:23.590  WARN 9948 --- [http-nio-9002-exec-3] org.elasticsearch.client.RestClient      : request [POST http://localhost:9200/user/_search?typed_keys=true&max_concurrent_shard_requests=5&ignore_unavailable=false&expand_wildcards=open&allow_no_indices=true&ignore_throttled=true&search_type=query_then_fetch&batched_reduce_size=512] returned 1 warnings: [299 Elasticsearch-7.17.1-e5acb99f822233d62d6444ce45a4543dc1c8059a "[ignore_throttled] parameter is deprecated because frozen indices have been deprecated. Consider cold or frozen tiers in place of frozen indices."]
2022-03-29 12:57:31.812  INFO 9948 --- [http-nio-9002-exec-4] c.e.elasticsearch.service.UserService    : You are here
2022-03-29 12:57:31.813  INFO 9948 --- [http-nio-9002-exec-4] c.e.elasticsearch.service.UserService    : You are Trying to delete user : 3
2022-03-29 12:57:31.967  WARN 9948 --- [http-nio-9002-exec-4] org.elasticsearch.client.RestClient      : request [POST http://localhost:9200/user/_refresh?ignore_throttled=false&ignore_unavailable=false&expand_wildcards=open&allow_no_indices=true] returned 1 warnings: [299 Elasticsearch-7.17.1-e5acb99f822233d62d6444ce45a4543dc1c8059a "[ignore_throttled] parameter is deprecated because frozen indices have been deprecated. Consider cold or frozen tiers in place of frozen indices."]
2022-03-29 12:57:31.974  WARN 9948 --- [http-nio-9002-exec-4] .w.s.m.s.DefaultHandlerExceptionResolver : Resolved [org.springframework.web.HttpMediaTypeNotAcceptableException: Could not find acceptable representation]
2022-03-29 12:58:30.521  WARN 9948 --- [http-nio-9002-exec-2] org.elasticsearch.client.RestClient      : request [POST http://localhost:9200/user/_search?typed_keys=true&max_concurrent_shard_requests=5&ignore_unavailable=false&expand_wildcards=open&allow_no_indices=true&ignore_throttled=true&search_type=query_then_fetch&batched_reduce_size=512] returned 1 warnings: [299 Elasticsearch-7.17.1-e5acb99f822233d62d6444ce45a4543dc1c8059a "[ignore_throttled] parameter is deprecated because frozen indices have been deprecated. Consider cold or frozen tiers in place of frozen indices."]
2022-03-29 13:05:08.306  INFO 12556 --- [main] c.e.e.ElasticSearchApplication           : Starting ElasticSearchApplication using Java 1.8.0_202 on DESKTOP-NFPJLDQ with PID 12556 (C:\Users\AhmadAr\Desktop\ElasticSearch\target\classes started by AhmadAr in C:\Users\AhmadAr\Desktop\ElasticSearch)
2022-03-29 13:05:08.311  INFO 12556 --- [main] c.e.e.ElasticSearchApplication           : No active profile set, falling back to 1 default profile: "default"
2022-03-29 13:05:08.891  INFO 12556 --- [main] .s.d.r.c.RepositoryConfigurationDelegate : Bootstrapping Spring Data Elasticsearch repositories in DEFAULT mode.
2022-03-29 13:05:09.005  INFO 12556 --- [main] .s.d.r.c.RepositoryConfigurationDelegate : Finished Spring Data repository scanning in 62 ms. Found 2 Elasticsearch repository interfaces.
2022-03-29 13:05:09.158  INFO 12556 --- [main] .s.d.r.c.RepositoryConfigurationDelegate : Bootstrapping Spring Data Reactive Elasticsearch repositories in DEFAULT mode.
2022-03-29 13:05:09.163  INFO 12556 --- [main] .s.d.r.c.RepositoryConfigurationDelegate : Finished Spring Data repository scanning in 4 ms. Found 0 Reactive Elasticsearch repository interfaces.
2022-03-29 13:05:09.489  INFO 12556 --- [main] o.s.b.w.embedded.tomcat.TomcatWebServer  : Tomcat initialized with port(s): 9002 (http)
2022-03-29 13:05:09.496  INFO 12556 --- [main] o.apache.catalina.core.StandardService   : Starting service [Tomcat]
2022-03-29 13:05:09.496  INFO 12556 --- [main] org.apache.catalina.core.StandardEngine  : Starting Servlet engine: [Apache Tomcat/9.0.58]
2022-03-29 13:05:09.586  INFO 12556 --- [main] o.a.c.c.C.[Tomcat].[localhost].[/]       : Initializing Spring embedded WebApplicationContext
2022-03-29 13:05:09.586  INFO 12556 --- [main] w.s.c.ServletWebServerApplicationContext : Root WebApplicationContext: initialization completed in 1212 ms
2022-03-29 13:05:10.539  WARN 12556 --- [main] org.elasticsearch.client.RestClient      : request [HEAD http://localhost:9200/user?ignore_throttled=false&ignore_unavailable=false&expand_wildcards=open%2Cclosed&allow_no_indices=false] returned 1 warnings: [299 Elasticsearch-7.17.1-e5acb99f822233d62d6444ce45a4543dc1c8059a "[ignore_throttled] parameter is deprecated because frozen indices have been deprecated. Consider cold or frozen tiers in place of frozen indices."]
2022-03-29 13:05:10.606  WARN 12556 --- [main] org.elasticsearch.client.RestClient      : request [HEAD http://localhost:9200/filebeat-7.17.1-2022.03.28?ignore_throttled=false&ignore_unavailable=false&expand_wildcards=open%2Cclosed&allow_no_indices=false] returned 1 warnings: [299 Elasticsearch-7.17.1-e5acb99f822233d62d6444ce45a4543dc1c8059a "[ignore_throttled] parameter is deprecated because frozen indices have been deprecated. Consider cold or frozen tiers in place of frozen indices."]
2022-03-29 13:05:10.848  INFO 12556 --- [main] o.s.b.w.embedded.tomcat.TomcatWebServer  : Tomcat started on port(s): 9002 (http) with context path ''
2022-03-29 13:05:10.854  INFO 12556 --- [main] c.e.e.ElasticSearchApplication           : Started ElasticSearchApplication in 3.012 seconds (JVM running for 3.785)
2022-03-29 13:37:00.640  INFO 12556 --- [http-nio-9002-exec-2] o.a.c.c.C.[Tomcat].[localhost].[/]       : Initializing Spring DispatcherServlet 'dispatcherServlet'
2022-03-29 13:37:00.641  INFO 12556 --- [http-nio-9002-exec-2] o.s.web.servlet.DispatcherServlet        : Initializing Servlet 'dispatcherServlet'
2022-03-29 13:37:00.643  INFO 12556 --- [http-nio-9002-exec-2] o.s.web.servlet.DispatcherServlet        : Completed initialization in 2 ms
2022-03-29 13:37:00.950  WARN 12556 --- [http-nio-9002-exec-2] org.elasticsearch.client.RestClient      : request [POST http://localhost:9200/user/_refresh?ignore_throttled=false&ignore_unavailable=false&expand_wildcards=open&allow_no_indices=true] returned 1 warnings: [299 Elasticsearch-7.17.1-e5acb99f822233d62d6444ce45a4543dc1c8059a "[ignore_throttled] parameter is deprecated because frozen indices have been deprecated. Consider cold or frozen tiers in place of frozen indices."]
2022-03-29 13:37:12.787  INFO 12556 --- [http-nio-9002-exec-3] c.e.elasticsearch.service.UserService    : You are here
2022-03-29 13:37:12.788  INFO 12556 --- [http-nio-9002-exec-3] c.e.elasticsearch.service.UserService    : You are Trying to delete user : 4
2022-03-29 13:37:12.908  WARN 12556 --- [http-nio-9002-exec-3] org.elasticsearch.client.RestClient      : request [POST http://localhost:9200/user/_refresh?ignore_throttled=false&ignore_unavailable=false&expand_wildcards=open&allow_no_indices=true] returned 1 warnings: [299 Elasticsearch-7.17.1-e5acb99f822233d62d6444ce45a4543dc1c8059a "[ignore_throttled] parameter is deprecated because frozen indices have been deprecated. Consider cold or frozen tiers in place of frozen indices."]
2022-03-29 13:37:12.913  WARN 12556 --- [http-nio-9002-exec-3] .w.s.m.s.DefaultHandlerExceptionResolver : Resolved [org.springframework.web.HttpMediaTypeNotAcceptableException: Could not find acceptable representation]
2022-03-29 13:38:27.231  INFO 7260 --- [main] c.e.e.ElasticSearchApplication           : Starting ElasticSearchApplication using Java 1.8.0_202 on DESKTOP-NFPJLDQ with PID 7260 (C:\Users\AhmadAr\Desktop\ElasticSearch\target\classes started by AhmadAr in C:\Users\AhmadAr\Desktop\ElasticSearch)
2022-03-29 13:38:27.234  INFO 7260 --- [main] c.e.e.ElasticSearchApplication           : No active profile set, falling back to 1 default profile: "default"
2022-03-29 13:38:27.617  INFO 7260 --- [main] .s.d.r.c.RepositoryConfigurationDelegate : Bootstrapping Spring Data Elasticsearch repositories in DEFAULT mode.
2022-03-29 13:38:27.658  INFO 7260 --- [main] .s.d.r.c.RepositoryConfigurationDelegate : Finished Spring Data repository scanning in 36 ms. Found 2 Elasticsearch repository interfaces.
2022-03-29 13:38:27.746  INFO 7260 --- [main] .s.d.r.c.RepositoryConfigurationDelegate : Bootstrapping Spring Data Reactive Elasticsearch repositories in DEFAULT mode.
2022-03-29 13:38:27.750  INFO 7260 --- [main] .s.d.r.c.RepositoryConfigurationDelegate : Finished Spring Data repository scanning in 3 ms. Found 0 Reactive Elasticsearch repository interfaces.
2022-03-29 13:38:28.018  INFO 7260 --- [main] o.s.b.w.embedded.tomcat.TomcatWebServer  : Tomcat initialized with port(s): 9002 (http)
2022-03-29 13:38:28.023  INFO 7260 --- [main] o.apache.catalina.core.StandardService   : Starting service [Tomcat]
2022-03-29 13:38:28.023  INFO 7260 --- [main] org.apache.catalina.core.StandardEngine  : Starting Servlet engine: [Apache Tomcat/9.0.58]
2022-03-29 13:38:28.090  INFO 7260 --- [main] o.a.c.c.C.[Tomcat].[localhost].[/]       : Initializing Spring embedded WebApplicationContext
2022-03-29 13:38:28.091  INFO 7260 --- [main] w.s.c.ServletWebServerApplicationContext : Root WebApplicationContext: initialization completed in 818 ms
2022-03-29 13:38:28.950  WARN 7260 --- [main] org.elasticsearch.client.RestClient      : request [HEAD http://localhost:9200/user?ignore_throttled=false&ignore_unavailable=false&expand_wildcards=open%2Cclosed&allow_no_indices=false] returned 1 warnings: [299 Elasticsearch-7.17.1-e5acb99f822233d62d6444ce45a4543dc1c8059a "[ignore_throttled] parameter is deprecated because frozen indices have been deprecated. Consider cold or frozen tiers in place of frozen indices."]
2022-03-29 13:38:28.997  WARN 7260 --- [main] org.elasticsearch.client.RestClient      : request [HEAD http://localhost:9200/filebeat-7.17.1-2022.03.28?ignore_throttled=false&ignore_unavailable=false&expand_wildcards=open%2Cclosed&allow_no_indices=false] returned 1 warnings: [299 Elasticsearch-7.17.1-e5acb99f822233d62d6444ce45a4543dc1c8059a "[ignore_throttled] parameter is deprecated because frozen indices have been deprecated. Consider cold or frozen tiers in place of frozen indices."]
2022-03-29 13:38:29.211  INFO 7260 --- [main] o.s.b.w.embedded.tomcat.TomcatWebServer  : Tomcat started on port(s): 9002 (http) with context path ''
2022-03-29 13:38:29.218  INFO 7260 --- [main] c.e.e.ElasticSearchApplication           : Started ElasticSearchApplication in 2.314 seconds (JVM running for 3.072)
2022-03-29 13:38:35.721  INFO 7260 --- [http-nio-9002-exec-4] o.a.c.c.C.[Tomcat].[localhost].[/]       : Initializing Spring DispatcherServlet 'dispatcherServlet'
2022-03-29 13:38:35.722  INFO 7260 --- [http-nio-9002-exec-4] o.s.web.servlet.DispatcherServlet        : Initializing Servlet 'dispatcherServlet'
2022-03-29 13:38:35.724  INFO 7260 --- [http-nio-9002-exec-4] o.s.web.servlet.DispatcherServlet        : Completed initialization in 2 ms
2022-03-29 13:38:35.860  INFO 7260 --- [http-nio-9002-exec-4] c.e.elasticsearch.service.UserService    : You are here
2022-03-29 13:38:35.861  INFO 7260 --- [http-nio-9002-exec-4] c.e.elasticsearch.service.UserService    : You are Trying to delete user : 4
2022-03-29 13:38:36.064  WARN 7260 --- [http-nio-9002-exec-4] org.elasticsearch.client.RestClient      : request [POST http://localhost:9200/user/_refresh?ignore_throttled=false&ignore_unavailable=false&expand_wildcards=open&allow_no_indices=true] returned 1 warnings: [299 Elasticsearch-7.17.1-e5acb99f822233d62d6444ce45a4543dc1c8059a "[ignore_throttled] parameter is deprecated because frozen indices have been deprecated. Consider cold or frozen tiers in place of frozen indices."]
2022-03-29 13:38:36.091  WARN 7260 --- [http-nio-9002-exec-4] .w.s.m.s.DefaultHandlerExceptionResolver : Resolved [org.springframework.web.HttpMediaTypeNotAcceptableException: Could not find acceptable representation]
2022-03-29 13:38:41.490  INFO 7260 --- [http-nio-9002-exec-3] c.e.elasticsearch.service.UserService    : You are here
2022-03-29 13:38:41.490  INFO 7260 --- [http-nio-9002-exec-3] c.e.elasticsearch.service.UserService    : You are Trying to delete user : 3
2022-03-29 13:38:41.611  WARN 7260 --- [http-nio-9002-exec-3] org.elasticsearch.client.RestClient      : request [POST http://localhost:9200/user/_refresh?ignore_throttled=false&ignore_unavailable=false&expand_wildcards=open&allow_no_indices=true] returned 1 warnings: [299 Elasticsearch-7.17.1-e5acb99f822233d62d6444ce45a4543dc1c8059a "[ignore_throttled] parameter is deprecated because frozen indices have been deprecated. Consider cold or frozen tiers in place of frozen indices."]
2022-03-29 13:38:41.613  WARN 7260 --- [http-nio-9002-exec-3] .w.s.m.s.DefaultHandlerExceptionResolver : Resolved [org.springframework.web.HttpMediaTypeNotAcceptableException: Could not find acceptable representation]
2022-03-29 13:39:47.249  INFO 1168 --- [main] c.e.e.ElasticSearchApplication           : Starting ElasticSearchApplication using Java 1.8.0_202 on DESKTOP-NFPJLDQ with PID 1168 (C:\Users\AhmadAr\Desktop\ElasticSearch\target\classes started by AhmadAr in C:\Users\AhmadAr\Desktop\ElasticSearch)
2022-03-29 13:39:47.253  INFO 1168 --- [main] c.e.e.ElasticSearchApplication           : No active profile set, falling back to 1 default profile: "default"
2022-03-29 13:39:47.709  INFO 1168 --- [main] .s.d.r.c.RepositoryConfigurationDelegate : Bootstrapping Spring Data Elasticsearch repositories in DEFAULT mode.
2022-03-29 13:39:47.778  INFO 1168 --- [main] .s.d.r.c.RepositoryConfigurationDelegate : Finished Spring Data repository scanning in 34 ms. Found 2 Elasticsearch repository interfaces.
2022-03-29 13:39:47.876  INFO 1168 --- [main] .s.d.r.c.RepositoryConfigurationDelegate : Bootstrapping Spring Data Reactive Elasticsearch repositories in DEFAULT mode.
2022-03-29 13:39:47.879  INFO 1168 --- [main] .s.d.r.c.RepositoryConfigurationDelegate : Finished Spring Data repository scanning in 2 ms. Found 0 Reactive Elasticsearch repository interfaces.
2022-03-29 13:39:48.103  INFO 1168 --- [main] o.s.b.w.embedded.tomcat.TomcatWebServer  : Tomcat initialized with port(s): 9002 (http)
2022-03-29 13:39:48.108  INFO 1168 --- [main] o.apache.catalina.core.StandardService   : Starting service [Tomcat]
2022-03-29 13:39:48.109  INFO 1168 --- [main] org.apache.catalina.core.StandardEngine  : Starting Servlet engine: [Apache Tomcat/9.0.58]
2022-03-29 13:39:48.175  INFO 1168 --- [main] o.a.c.c.C.[Tomcat].[localhost].[/]       : Initializing Spring embedded WebApplicationContext
2022-03-29 13:39:48.175  INFO 1168 --- [main] w.s.c.ServletWebServerApplicationContext : Root WebApplicationContext: initialization completed in 857 ms
2022-03-29 13:39:48.895  WARN 1168 --- [main] org.elasticsearch.client.RestClient      : request [HEAD http://localhost:9200/user?ignore_throttled=false&ignore_unavailable=false&expand_wildcards=open%2Cclosed&allow_no_indices=false] returned 1 warnings: [299 Elasticsearch-7.17.1-e5acb99f822233d62d6444ce45a4543dc1c8059a "[ignore_throttled] parameter is deprecated because frozen indices have been deprecated. Consider cold or frozen tiers in place of frozen indices."]
2022-03-29 13:39:48.946  WARN 1168 --- [main] org.elasticsearch.client.RestClient      : request [HEAD http://localhost:9200/filebeat-7.17.1-2022.03.28?ignore_throttled=false&ignore_unavailable=false&expand_wildcards=open%2Cclosed&allow_no_indices=false] returned 1 warnings: [299 Elasticsearch-7.17.1-e5acb99f822233d62d6444ce45a4543dc1c8059a "[ignore_throttled] parameter is deprecated because frozen indices have been deprecated. Consider cold or frozen tiers in place of frozen indices."]
2022-03-29 13:39:49.132  INFO 1168 --- [main] o.s.b.w.embedded.tomcat.TomcatWebServer  : Tomcat started on port(s): 9002 (http) with context path ''
2022-03-29 13:39:49.138  INFO 1168 --- [main] c.e.e.ElasticSearchApplication           : Started ElasticSearchApplication in 2.212 seconds (JVM running for 2.996)
2022-03-29 13:39:56.078  INFO 1168 --- [http-nio-9002-exec-6] o.a.c.c.C.[Tomcat].[localhost].[/]       : Initializing Spring DispatcherServlet 'dispatcherServlet'
2022-03-29 13:39:56.079  INFO 1168 --- [http-nio-9002-exec-6] o.s.web.servlet.DispatcherServlet        : Initializing Servlet 'dispatcherServlet'
2022-03-29 13:39:56.081  INFO 1168 --- [http-nio-9002-exec-6] o.s.web.servlet.DispatcherServlet        : Completed initialization in 1 ms
2022-03-29 13:43:03.084  INFO 17268 --- [main] c.e.e.ElasticSearchApplication           : Starting ElasticSearchApplication using Java 1.8.0_202 on DESKTOP-NFPJLDQ with PID 17268 (C:\Users\AhmadAr\Desktop\ElasticSearch\target\classes started by AhmadAr in C:\Users\AhmadAr\Desktop\ElasticSearch)
2022-03-29 13:43:03.087  INFO 17268 --- [main] c.e.e.ElasticSearchApplication           : No active profile set, falling back to 1 default profile: "default"
2022-03-29 13:43:03.499  INFO 17268 --- [main] .s.d.r.c.RepositoryConfigurationDelegate : Bootstrapping Spring Data Elasticsearch repositories in DEFAULT mode.
2022-03-29 13:43:03.565  INFO 17268 --- [main] .s.d.r.c.RepositoryConfigurationDelegate : Finished Spring Data repository scanning in 31 ms. Found 2 Elasticsearch repository interfaces.
2022-03-29 13:43:03.648  INFO 17268 --- [main] .s.d.r.c.RepositoryConfigurationDelegate : Bootstrapping Spring Data Reactive Elasticsearch repositories in DEFAULT mode.
2022-03-29 13:43:03.651  INFO 17268 --- [main] .s.d.r.c.RepositoryConfigurationDelegate : Finished Spring Data repository scanning in 2 ms. Found 0 Reactive Elasticsearch repository interfaces.
2022-03-29 13:43:03.875  INFO 17268 --- [main] o.s.b.w.embedded.tomcat.TomcatWebServer  : Tomcat initialized with port(s): 9002 (http)
2022-03-29 13:43:03.880  INFO 17268 --- [main] o.apache.catalina.core.StandardService   : Starting service [Tomcat]
2022-03-29 13:43:03.881  INFO 17268 --- [main] org.apache.catalina.core.StandardEngine  : Starting Servlet engine: [Apache Tomcat/9.0.58]
2022-03-29 13:43:03.947  INFO 17268 --- [main] o.a.c.c.C.[Tomcat].[localhost].[/]       : Initializing Spring embedded WebApplicationContext
2022-03-29 13:43:03.947  INFO 17268 --- [main] w.s.c.ServletWebServerApplicationContext : Root WebApplicationContext: initialization completed in 778 ms
2022-03-29 13:43:04.658  WARN 17268 --- [main] org.elasticsearch.client.RestClient      : request [HEAD http://localhost:9200/user?ignore_throttled=false&ignore_unavailable=false&expand_wildcards=open%2Cclosed&allow_no_indices=false] returned 1 warnings: [299 Elasticsearch-7.17.1-e5acb99f822233d62d6444ce45a4543dc1c8059a "[ignore_throttled] parameter is deprecated because frozen indices have been deprecated. Consider cold or frozen tiers in place of frozen indices."]
2022-03-29 13:43:04.719  WARN 17268 --- [main] org.elasticsearch.client.RestClient      : request [HEAD http://localhost:9200/filebeat-7.17.1-2022.03.28?ignore_throttled=false&ignore_unavailable=false&expand_wildcards=open%2Cclosed&allow_no_indices=false] returned 1 warnings: [299 Elasticsearch-7.17.1-e5acb99f822233d62d6444ce45a4543dc1c8059a "[ignore_throttled] parameter is deprecated because frozen indices have been deprecated. Consider cold or frozen tiers in place of frozen indices."]
2022-03-29 13:43:04.919  INFO 17268 --- [main] o.s.b.w.embedded.tomcat.TomcatWebServer  : Tomcat started on port(s): 9002 (http) with context path ''
2022-03-29 13:43:04.925  INFO 17268 --- [main] c.e.e.ElasticSearchApplication           : Started ElasticSearchApplication in 2.241 seconds (JVM running for 3.022)
2022-03-29 13:43:11.804  INFO 17268 --- [http-nio-9002-exec-2] o.a.c.c.C.[Tomcat].[localhost].[/]       : Initializing Spring DispatcherServlet 'dispatcherServlet'
2022-03-29 13:43:11.805  INFO 17268 --- [http-nio-9002-exec-2] o.s.web.servlet.DispatcherServlet        : Initializing Servlet 'dispatcherServlet'
2022-03-29 13:43:11.807  INFO 17268 --- [http-nio-9002-exec-2] o.s.web.servlet.DispatcherServlet        : Completed initialization in 2 ms
2022-03-29 13:44:21.847  INFO 18644 --- [main] c.e.e.ElasticSearchApplication           : Starting ElasticSearchApplication using Java 1.8.0_202 on DESKTOP-NFPJLDQ with PID 18644 (C:\Users\AhmadAr\Desktop\ElasticSearch\target\classes started by AhmadAr in C:\Users\AhmadAr\Desktop\ElasticSearch)
2022-03-29 13:44:21.850  INFO 18644 --- [main] c.e.e.ElasticSearchApplication           : No active profile set, falling back to 1 default profile: "default"
2022-03-29 13:44:22.382  INFO 18644 --- [main] .s.d.r.c.RepositoryConfigurationDelegate : Bootstrapping Spring Data Elasticsearch repositories in DEFAULT mode.
2022-03-29 13:44:22.444  INFO 18644 --- [main] .s.d.r.c.RepositoryConfigurationDelegate : Finished Spring Data repository scanning in 57 ms. Found 2 Elasticsearch repository interfaces.
2022-03-29 13:44:22.591  INFO 18644 --- [main] .s.d.r.c.RepositoryConfigurationDelegate : Bootstrapping Spring Data Reactive Elasticsearch repositories in DEFAULT mode.
2022-03-29 13:44:22.597  INFO 18644 --- [main] .s.d.r.c.RepositoryConfigurationDelegate : Finished Spring Data repository scanning in 4 ms. Found 0 Reactive Elasticsearch repository interfaces.
2022-03-29 13:44:22.914  INFO 18644 --- [main] o.s.b.w.embedded.tomcat.TomcatWebServer  : Tomcat initialized with port(s): 9002 (http)
2022-03-29 13:44:22.920  INFO 18644 --- [main] o.apache.catalina.core.StandardService   : Starting service [Tomcat]
2022-03-29 13:44:22.921  INFO 18644 --- [main] org.apache.catalina.core.StandardEngine  : Starting Servlet engine: [Apache Tomcat/9.0.58]
2022-03-29 13:44:23.006  INFO 18644 --- [main] o.a.c.c.C.[Tomcat].[localhost].[/]       : Initializing Spring embedded WebApplicationContext
2022-03-29 13:44:23.006  INFO 18644 --- [main] w.s.c.ServletWebServerApplicationContext : Root WebApplicationContext: initialization completed in 1103 ms
2022-03-29 13:44:23.909  WARN 18644 --- [main] org.elasticsearch.client.RestClient      : request [HEAD http://localhost:9200/user?ignore_throttled=false&ignore_unavailable=false&expand_wildcards=open%2Cclosed&allow_no_indices=false] returned 1 warnings: [299 Elasticsearch-7.17.1-e5acb99f822233d62d6444ce45a4543dc1c8059a "[ignore_throttled] parameter is deprecated because frozen indices have been deprecated. Consider cold or frozen tiers in place of frozen indices."]
2022-03-29 13:44:23.966  WARN 18644 --- [main] org.elasticsearch.client.RestClient      : request [HEAD http://localhost:9200/filebeat-7.17.1-2022.03.28?ignore_throttled=false&ignore_unavailable=false&expand_wildcards=open%2Cclosed&allow_no_indices=false] returned 1 warnings: [299 Elasticsearch-7.17.1-e5acb99f822233d62d6444ce45a4543dc1c8059a "[ignore_throttled] parameter is deprecated because frozen indices have been deprecated. Consider cold or frozen tiers in place of frozen indices."]
2022-03-29 13:44:24.189  INFO 18644 --- [main] o.s.b.w.embedded.tomcat.TomcatWebServer  : Tomcat started on port(s): 9002 (http) with context path ''
2022-03-29 13:44:24.196  INFO 18644 --- [main] c.e.e.ElasticSearchApplication           : Started ElasticSearchApplication in 2.851 seconds (JVM running for 3.987)
2022-03-29 13:44:30.637  INFO 18644 --- [http-nio-9002-exec-6] o.a.c.c.C.[Tomcat].[localhost].[/]       : Initializing Spring DispatcherServlet 'dispatcherServlet'
2022-03-29 13:44:30.637  INFO 18644 --- [http-nio-9002-exec-6] o.s.web.servlet.DispatcherServlet        : Initializing Servlet 'dispatcherServlet'
2022-03-29 13:44:30.638  INFO 18644 --- [http-nio-9002-exec-6] o.s.web.servlet.DispatcherServlet        : Completed initialization in 1 ms
2022-03-29 13:45:27.759  INFO 23160 --- [main] c.e.e.ElasticSearchApplication           : Starting ElasticSearchApplication using Java 1.8.0_202 on DESKTOP-NFPJLDQ with PID 23160 (C:\Users\AhmadAr\Desktop\ElasticSearch\target\classes started by AhmadAr in C:\Users\AhmadAr\Desktop\ElasticSearch)
2022-03-29 13:45:27.764  INFO 23160 --- [main] c.e.e.ElasticSearchApplication           : No active profile set, falling back to 1 default profile: "default"
2022-03-29 13:45:28.155  INFO 23160 --- [main] .s.d.r.c.RepositoryConfigurationDelegate : Bootstrapping Spring Data Elasticsearch repositories in DEFAULT mode.
2022-03-29 13:45:28.244  INFO 23160 --- [main] .s.d.r.c.RepositoryConfigurationDelegate : Finished Spring Data repository scanning in 44 ms. Found 2 Elasticsearch repository interfaces.
2022-03-29 13:45:28.335  INFO 23160 --- [main] .s.d.r.c.RepositoryConfigurationDelegate : Bootstrapping Spring Data Reactive Elasticsearch repositories in DEFAULT mode.
2022-03-29 13:45:28.338  INFO 23160 --- [main] .s.d.r.c.RepositoryConfigurationDelegate : Finished Spring Data repository scanning in 2 ms. Found 0 Reactive Elasticsearch repository interfaces.
2022-03-29 13:45:28.612  INFO 23160 --- [main] o.s.b.w.embedded.tomcat.TomcatWebServer  : Tomcat initialized with port(s): 9002 (http)
2022-03-29 13:45:28.618  INFO 23160 --- [main] o.apache.catalina.core.StandardService   : Starting service [Tomcat]
2022-03-29 13:45:28.619  INFO 23160 --- [main] org.apache.catalina.core.StandardEngine  : Starting Servlet engine: [Apache Tomcat/9.0.58]
2022-03-29 13:45:28.717  INFO 23160 --- [main] o.a.c.c.C.[Tomcat].[localhost].[/]       : Initializing Spring embedded WebApplicationContext
2022-03-29 13:45:28.717  INFO 23160 --- [main] w.s.c.ServletWebServerApplicationContext : Root WebApplicationContext: initialization completed in 901 ms
2022-03-29 13:45:30.908  WARN 23160 --- [main] org.elasticsearch.client.RestClient      : request [HEAD http://localhost:9200/user?ignore_throttled=false&ignore_unavailable=false&expand_wildcards=open%2Cclosed&allow_no_indices=false] returned 1 warnings: [299 Elasticsearch-7.17.1-e5acb99f822233d62d6444ce45a4543dc1c8059a "[ignore_throttled] parameter is deprecated because frozen indices have been deprecated. Consider cold or frozen tiers in place of frozen indices."]
2022-03-29 13:45:30.987  WARN 23160 --- [main] org.elasticsearch.client.RestClient      : request [HEAD http://localhost:9200/filebeat-7.17.1-2022.03.28?ignore_throttled=false&ignore_unavailable=false&expand_wildcards=open%2Cclosed&allow_no_indices=false] returned 1 warnings: [299 Elasticsearch-7.17.1-e5acb99f822233d62d6444ce45a4543dc1c8059a "[ignore_throttled] parameter is deprecated because frozen indices have been deprecated. Consider cold or frozen tiers in place of frozen indices."]
2022-03-29 13:45:31.249  INFO 23160 --- [main] o.s.b.w.embedded.tomcat.TomcatWebServer  : Tomcat started on port(s): 9002 (http) with context path ''
2022-03-29 13:45:31.256  INFO 23160 --- [main] c.e.e.ElasticSearchApplication           : Started ElasticSearchApplication in 3.834 seconds (JVM running for 4.654)
2022-03-29 13:45:43.299  INFO 23160 --- [http-nio-9002-exec-6] o.a.c.c.C.[Tomcat].[localhost].[/]       : Initializing Spring DispatcherServlet 'dispatcherServlet'
2022-03-29 13:45:43.299  INFO 23160 --- [http-nio-9002-exec-6] o.s.web.servlet.DispatcherServlet        : Initializing Servlet 'dispatcherServlet'
2022-03-29 13:45:43.300  INFO 23160 --- [http-nio-9002-exec-6] o.s.web.servlet.DispatcherServlet        : Completed initialization in 0 ms
2022-03-29 13:46:14.949  INFO 23160 --- [http-nio-9002-exec-4] c.e.elasticsearch.service.UserService    : You are here
2022-03-29 13:46:14.949  INFO 23160 --- [http-nio-9002-exec-4] c.e.elasticsearch.service.UserService    : You are Trying to delete user : 4
2022-03-29 13:46:15.088  WARN 23160 --- [http-nio-9002-exec-4] org.elasticsearch.client.RestClient      : request [POST http://localhost:9200/user/_refresh?ignore_throttled=false&ignore_unavailable=false&expand_wildcards=open&allow_no_indices=true] returned 1 warnings: [299 Elasticsearch-7.17.1-e5acb99f822233d62d6444ce45a4543dc1c8059a "[ignore_throttled] parameter is deprecated because frozen indices have been deprecated. Consider cold or frozen tiers in place of frozen indices."]
2022-03-29 13:46:48.224  WARN 23160 --- [http-nio-9002-exec-5] org.elasticsearch.client.RestClient      : request [POST http://localhost:9200/user/_refresh?ignore_throttled=false&ignore_unavailable=false&expand_wildcards=open&allow_no_indices=true] returned 1 warnings: [299 Elasticsearch-7.17.1-e5acb99f822233d62d6444ce45a4543dc1c8059a "[ignore_throttled] parameter is deprecated because frozen indices have been deprecated. Consider cold or frozen tiers in place of frozen indices."]
2022-03-29 13:50:51.256  WARN 23160 --- [http-nio-9002-exec-2] org.elasticsearch.client.RestClient      : request [POST http://localhost:9200/filebeat-7.17.1-2022.03.28/_search?typed_keys=true&max_concurrent_shard_requests=5&ignore_unavailable=false&expand_wildcards=open&allow_no_indices=true&ignore_throttled=true&search_type=query_then_fetch&batched_reduce_size=512] returned 1 warnings: [299 Elasticsearch-7.17.1-e5acb99f822233d62d6444ce45a4543dc1c8059a "[ignore_throttled] parameter is deprecated because frozen indices have been deprecated. Consider cold or frozen tiers in place of frozen indices."]
2022-03-29 13:50:51.264  WARN 23160 --- [http-nio-9002-exec-2] org.elasticsearch.client.RestClient      : request [POST http://localhost:9200/filebeat-7.17.1-2022.03.28/_search?typed_keys=true&max_concurrent_shard_requests=5&ignore_unavailable=false&expand_wildcards=open&allow_no_indices=true&ignore_throttled=true&search_type=query_then_fetch&batched_reduce_size=512] returned 1 warnings: [299 Elasticsearch-7.17.1-e5acb99f822233d62d6444ce45a4543dc1c8059a "[ignore_throttled] parameter is deprecated because frozen indices have been deprecated. Consider cold or frozen tiers in place of frozen indices."]
2022-03-29 13:51:28.945  WARN 23160 --- [http-nio-9002-exec-9] org.elasticsearch.client.RestClient      : request [POST http://localhost:9200/filebeat-7.17.1-2022.03.28/_search?typed_keys=true&max_concurrent_shard_requests=5&ignore_unavailable=false&expand_wildcards=open&allow_no_indices=true&ignore_throttled=true&search_type=query_then_fetch&batched_reduce_size=512] returned 1 warnings: [299 Elasticsearch-7.17.1-e5acb99f822233d62d6444ce45a4543dc1c8059a "[ignore_throttled] parameter is deprecated because frozen indices have been deprecated. Consider cold or frozen tiers in place of frozen indices."]
2022-03-29 13:51:28.949  WARN 23160 --- [http-nio-9002-exec-9] org.elasticsearch.client.RestClient      : request [POST http://localhost:9200/filebeat-7.17.1-2022.03.28/_search?typed_keys=true&max_concurrent_shard_requests=5&ignore_unavailable=false&expand_wildcards=open&allow_no_indices=true&ignore_throttled=true&search_type=query_then_fetch&batched_reduce_size=512] returned 1 warnings: [299 Elasticsearch-7.17.1-e5acb99f822233d62d6444ce45a4543dc1c8059a "[ignore_throttled] parameter is deprecated because frozen indices have been deprecated. Consider cold or frozen tiers in place of frozen indices."]
2022-03-29 13:51:51.556  WARN 23160 --- [http-nio-9002-exec-10] org.elasticsearch.client.RestClient      : request [POST http://localhost:9200/filebeat-7.17.1-2022.03.28/_search?typed_keys=true&max_concurrent_shard_requests=5&ignore_unavailable=false&expand_wildcards=open&allow_no_indices=true&ignore_throttled=true&search_type=query_then_fetch&batched_reduce_size=512] returned 1 warnings: [299 Elasticsearch-7.17.1-e5acb99f822233d62d6444ce45a4543dc1c8059a "[ignore_throttled] parameter is deprecated because frozen indices have been deprecated. Consider cold or frozen tiers in place of frozen indices."]
2022-03-29 13:52:02.254  INFO 23160 --- [http-nio-9002-exec-1] c.e.elasticsearch.service.UserService    : You are here
2022-03-29 13:52:02.254  INFO 23160 --- [http-nio-9002-exec-1] c.e.elasticsearch.service.UserService    : You are Trying to delete user : 4
2022-03-29 13:52:02.364  WARN 23160 --- [http-nio-9002-exec-1] org.elasticsearch.client.RestClient      : request [POST http://localhost:9200/user/_refresh?ignore_throttled=false&ignore_unavailable=false&expand_wildcards=open&allow_no_indices=true] returned 1 warnings: [299 Elasticsearch-7.17.1-e5acb99f822233d62d6444ce45a4543dc1c8059a "[ignore_throttled] parameter is deprecated because frozen indices have been deprecated. Consider cold or frozen tiers in place of frozen indices."]
2022-03-29 13:52:06.476  INFO 23160 --- [http-nio-9002-exec-6] c.e.elasticsearch.service.UserService    : You are here
2022-03-29 13:52:06.477  INFO 23160 --- [http-nio-9002-exec-6] c.e.elasticsearch.service.UserService    : You are Trying to delete user : 3
2022-03-29 13:52:06.586  WARN 23160 --- [http-nio-9002-exec-6] org.elasticsearch.client.RestClient      : request [POST http://localhost:9200/user/_refresh?ignore_throttled=false&ignore_unavailable=false&expand_wildcards=open&allow_no_indices=true] returned 1 warnings: [299 Elasticsearch-7.17.1-e5acb99f822233d62d6444ce45a4543dc1c8059a "[ignore_throttled] parameter is deprecated because frozen indices have been deprecated. Consider cold or frozen tiers in place of frozen indices."]
2022-03-29 13:52:09.839  INFO 23160 --- [http-nio-9002-exec-8] c.e.elasticsearch.service.UserService    : You are here
2022-03-29 13:52:09.840  INFO 23160 --- [http-nio-9002-exec-8] c.e.elasticsearch.service.UserService    : You are Trying to delete user : 2
2022-03-29 13:52:09.957  WARN 23160 --- [http-nio-9002-exec-8] org.elasticsearch.client.RestClient      : request [POST http://localhost:9200/user/_refresh?ignore_throttled=false&ignore_unavailable=false&expand_wildcards=open&allow_no_indices=true] returned 1 warnings: [299 Elasticsearch-7.17.1-e5acb99f822233d62d6444ce45a4543dc1c8059a "[ignore_throttled] parameter is deprecated because frozen indices have been deprecated. Consider cold or frozen tiers in place of frozen indices."]
2022-03-29 13:52:31.627  INFO 22948 --- [main] c.e.e.ElasticSearchApplication           : Starting ElasticSearchApplication using Java 1.8.0_202 on DESKTOP-NFPJLDQ with PID 22948 (C:\Users\AhmadAr\Desktop\ElasticSearch\target\classes started by AhmadAr in C:\Users\AhmadAr\Desktop\ElasticSearch)
2022-03-29 13:52:31.630  INFO 22948 --- [main] c.e.e.ElasticSearchApplication           : No active profile set, falling back to 1 default profile: "default"
2022-03-29 13:52:32.010  INFO 22948 --- [main] .s.d.r.c.RepositoryConfigurationDelegate : Bootstrapping Spring Data Elasticsearch repositories in DEFAULT mode.
2022-03-29 13:52:32.080  INFO 22948 --- [main] .s.d.r.c.RepositoryConfigurationDelegate : Finished Spring Data repository scanning in 36 ms. Found 2 Elasticsearch repository interfaces.
2022-03-29 13:52:32.161  INFO 22948 --- [main] .s.d.r.c.RepositoryConfigurationDelegate : Bootstrapping Spring Data Reactive Elasticsearch repositories in DEFAULT mode.
2022-03-29 13:52:32.165  INFO 22948 --- [main] .s.d.r.c.RepositoryConfigurationDelegate : Finished Spring Data repository scanning in 2 ms. Found 0 Reactive Elasticsearch repository interfaces.
2022-03-29 13:52:32.387  INFO 22948 --- [main] o.s.b.w.embedded.tomcat.TomcatWebServer  : Tomcat initialized with port(s): 9002 (http)
2022-03-29 13:52:32.392  INFO 22948 --- [main] o.apache.catalina.core.StandardService   : Starting service [Tomcat]
2022-03-29 13:52:32.392  INFO 22948 --- [main] org.apache.catalina.core.StandardEngine  : Starting Servlet engine: [Apache Tomcat/9.0.58]
2022-03-29 13:52:32.457  INFO 22948 --- [main] o.a.c.c.C.[Tomcat].[localhost].[/]       : Initializing Spring embedded WebApplicationContext
2022-03-29 13:52:32.457  INFO 22948 --- [main] w.s.c.ServletWebServerApplicationContext : Root WebApplicationContext: initialization completed in 775 ms
2022-03-29 13:52:33.191  WARN 22948 --- [main] org.elasticsearch.client.RestClient      : request [HEAD http://localhost:9200/user?ignore_throttled=false&ignore_unavailable=false&expand_wildcards=open%2Cclosed&allow_no_indices=false] returned 1 warnings: [299 Elasticsearch-7.17.1-e5acb99f822233d62d6444ce45a4543dc1c8059a "[ignore_throttled] parameter is deprecated because frozen indices have been deprecated. Consider cold or frozen tiers in place of frozen indices."]
2022-03-29 13:52:33.235  WARN 22948 --- [main] org.elasticsearch.client.RestClient      : request [HEAD http://localhost:9200/filebeat-7.17.1-2022.03.28?ignore_throttled=false&ignore_unavailable=false&expand_wildcards=open%2Cclosed&allow_no_indices=false] returned 1 warnings: [299 Elasticsearch-7.17.1-e5acb99f822233d62d6444ce45a4543dc1c8059a "[ignore_throttled] parameter is deprecated because frozen indices have been deprecated. Consider cold or frozen tiers in place of frozen indices."]
2022-03-29 13:52:33.421  INFO 22948 --- [main] o.s.b.w.embedded.tomcat.TomcatWebServer  : Tomcat started on port(s): 9002 (http) with context path ''
2022-03-29 13:52:33.427  INFO 22948 --- [main] c.e.e.ElasticSearchApplication           : Started ElasticSearchApplication in 2.132 seconds (JVM running for 2.869)
2022-03-29 13:52:48.745  INFO 22948 --- [http-nio-9002-exec-2] o.a.c.c.C.[Tomcat].[localhost].[/]       : Initializing Spring DispatcherServlet 'dispatcherServlet'
2022-03-29 13:52:48.745  INFO 22948 --- [http-nio-9002-exec-2] o.s.web.servlet.DispatcherServlet        : Initializing Servlet 'dispatcherServlet'
2022-03-29 13:52:48.746  INFO 22948 --- [http-nio-9002-exec-2] o.s.web.servlet.DispatcherServlet        : Completed initialization in 1 ms
2022-03-29 13:52:57.493  WARN 22948 --- [http-nio-9002-exec-9] org.elasticsearch.client.RestClient      : request [POST http://localhost:9200/filebeat-7.17.1-2022.03.28/_search?typed_keys=true&max_concurrent_shard_requests=5&ignore_unavailable=false&expand_wildcards=open&allow_no_indices=true&ignore_throttled=true&search_type=query_then_fetch&batched_reduce_size=512] returned 1 warnings: [299 Elasticsearch-7.17.1-e5acb99f822233d62d6444ce45a4543dc1c8059a "[ignore_throttled] parameter is deprecated because frozen indices have been deprecated. Consider cold or frozen tiers in place of frozen indices."]
2022-03-29 13:52:57.503  WARN 22948 --- [http-nio-9002-exec-9] org.elasticsearch.client.RestClient      : request [POST http://localhost:9200/filebeat-7.17.1-2022.03.28/_search?typed_keys=true&max_concurrent_shard_requests=5&ignore_unavailable=false&expand_wildcards=open&allow_no_indices=true&ignore_throttled=true&search_type=query_then_fetch&batched_reduce_size=512] returned 1 warnings: [299 Elasticsearch-7.17.1-e5acb99f822233d62d6444ce45a4543dc1c8059a "[ignore_throttled] parameter is deprecated because frozen indices have been deprecated. Consider cold or frozen tiers in place of frozen indices."]
2022-03-29 13:53:14.557  WARN 22948 --- [http-nio-9002-exec-5] .w.s.m.s.DefaultHandlerExceptionResolver : Resolved [org.springframework.web.method.annotation.MethodArgumentTypeMismatchException: Failed to convert value of type 'java.lang.String' to required type 'long'; nested exception is java.lang.NumberFormatException: For input string: "dD5N1X8BnTxW5kdQ_D-2"]
2022-03-29 13:58:51.633  WARN 22948 --- [http-nio-9002-exec-1] org.elasticsearch.client.RestClient      : request [POST http://localhost:9200/filebeat-7.17.1-2022.03.28/_refresh?ignore_throttled=false&ignore_unavailable=false&expand_wildcards=open&allow_no_indices=true] returned 1 warnings: [299 Elasticsearch-7.17.1-e5acb99f822233d62d6444ce45a4543dc1c8059a "[ignore_throttled] parameter is deprecated because frozen indices have been deprecated. Consider cold or frozen tiers in place of frozen indices."]
2022-03-29 14:01:00.063  WARN 22948 --- [http-nio-9002-exec-10] org.elasticsearch.client.RestClient      : request [POST http://localhost:9200/user/_search?typed_keys=true&max_concurrent_shard_requests=5&ignore_unavailable=false&expand_wildcards=open&allow_no_indices=true&ignore_throttled=true&search_type=query_then_fetch&batched_reduce_size=512] returned 1 warnings: [299 Elasticsearch-7.17.1-e5acb99f822233d62d6444ce45a4543dc1c8059a "[ignore_throttled] parameter is deprecated because frozen indices have been deprecated. Consider cold or frozen tiers in place of frozen indices."]
2022-03-29 14:01:00.066  WARN 22948 --- [http-nio-9002-exec-10] org.elasticsearch.client.RestClient      : request [POST http://localhost:9200/user/_search?typed_keys=true&max_concurrent_shard_requests=5&ignore_unavailable=false&expand_wildcards=open&allow_no_indices=true&ignore_throttled=true&search_type=query_then_fetch&batched_reduce_size=512] returned 1 warnings: [299 Elasticsearch-7.17.1-e5acb99f822233d62d6444ce45a4543dc1c8059a "[ignore_throttled] parameter is deprecated because frozen indices have been deprecated. Consider cold or frozen tiers in place of frozen indices."]
2022-03-29 14:02:19.405  WARN 22948 --- [http-nio-9002-exec-9] org.elasticsearch.client.RestClient      : request [POST http://localhost:9200/user/_search?typed_keys=true&max_concurrent_shard_requests=5&ignore_unavailable=false&expand_wildcards=open&allow_no_indices=true&ignore_throttled=true&search_type=query_then_fetch&batched_reduce_size=512] returned 1 warnings: [299 Elasticsearch-7.17.1-e5acb99f822233d62d6444ce45a4543dc1c8059a "[ignore_throttled] parameter is deprecated because frozen indices have been deprecated. Consider cold or frozen tiers in place of frozen indices."]
